#
# A fatal error has been detected by the Java Runtime Environment:
#
#  SIGSEGV (0xb) at pc=0x00007f8817914db7, pid=12958, tid=0x00007f886b483700
#
# JRE version: Java(TM) SE Runtime Environment (8.0_181-b13) (build 1.8.0_181-b13)
# Java VM: Java HotSpot(TM) 64-Bit Server VM (25.181-b13 mixed mode linux-amd64 compressed oops)
# Problematic frame:
# C  [libtesseract.so+0xbcdb7]  tesseract::Tesseract::recog_all_words(PAGE_RES*, ETEXT_DESC*, TBOX const*, char const*, int)+0x5e7
#
# Failed to write core dump. Core dumps have been disabled. To enable core dumping, try "ulimit -c unlimited" before starting Java again
#
# If you would like to submit a bug report, please visit:
#   http://bugreport.java.com/bugreport/crash.jsp
# The crash happened outside the Java Virtual Machine in native code.
# See problematic frame for where to report the bug.
#

---------------  T H R E A D  ---------------

Current thread (0x00007f886400e800):  JavaThread "main" [_thread_in_native, id=12960, stack(0x00007f886b383000,0x00007f886b484000)]

siginfo: si_signo: 11 (SIGSEGV), si_code: 1 (SEGV_MAPERR), si_addr: 0x000000000000000c

Registers:
RAX=0x0000000000000000, RBX=0x00007f886b481690, RCX=0x0000000000000000, RDX=0x0000000000000000
RSP=0x00007f886b481640, RBP=0x00007f8864903700, RSI=0x0000000000000000, RDI=0x00007f886b481750
R8 =0x0000000000000000, R9 =0x0000000000000000, R10=0x0000000000001202, R11=0x00007f8817a896d0
R12=0x00007f88649ba1e0, R13=0x0000000000000000, R14=0x0000000000000000, R15=0x00007f88649ba1e0
RIP=0x00007f8817914db7, EFLAGS=0x0000000000010246, CSGSFS=0x002b000000000033, ERR=0x0000000000000004
  TRAPNO=0x000000000000000e

Top of Stack: (sp=0x00007f886b481640)
0x00007f886b481640:   0000000000000000 0000000000000000
0x00007f886b481650:   0000000000000000 0000000000000000
0x00007f886b481660:   0000000000ff0000 0000000000000000
0x00007f886b481670:   0000000000000000 0000000000000000
0x00007f886b481680:   000000ff00000000 0000000000000000
0x00007f886b481690:   00007f88649ba1e0 0000000000000000
0x00007f886b4816a0:   0000000000000000 0000000000000000
0x00007f886b4816b0:   00007f88649c5770 00007f88649e86e0
0x00007f886b4816c0:   00007f88649f86a0 00007f8865760980
0x00007f886b4816d0:   00007f88649e86e0 00007f88649f86a0
0x00007f886b4816e0:   00007f88649ba1e8 00007f88649f86a0
0x00007f886b4816f0:   00007f88649f86a0 00007f88649f86a0
0x00007f886b481700:   0000000000000000 00007f88649f86a0
0x00007f886b481710:   0000000000000000 00007f88649f86c8
0x00007f886b481720:   00007f88649ab420 00007f88649e86e0
0x00007f886b481730:   00007f886498e220 00007f8864900000
0x00007f886b481740:   00007f88649e86e0 00007f88649ba200
0x00007f886b481750:   00007f88649e8700 00007f8865760980
0x00007f886b481760:   00007f88649c5370 00007f88649f53c0
0x00007f886b481770:   0000000000000000 00007f88649c5770
0x00007f886b481780:   00007f8864903701 04d3a8b822f1bf00
0x00007f886b481790:   0000000000000000 00007f8864900b40
0x00007f886b4817a0:   00007f886b481820 00000000ffffffff
0x00007f886b4817b0:   0000000000000000 00007f88649ba1e0
0x00007f886b4817c0:   00007f88649ba1e0 00007f88178ff615
0x00007f886b4817d0:   00007f886b481850 0000000000000000
0x00007f886b4817e0:   00007f8864900b01 04d3a8b822f1bf00
0x00007f886b4817f0:   00007f8855008040 00007f8864900b40
0x00007f886b481800:   0000000000000001 0000000000000000
0x00007f886b481810:   0000000000000001 00007f886b482260
0x00007f886b481820:   00007f886b481870 00007f88179008cc
0x00007f886b481830:   00007f8855008040 04d3a8b822f1bf00 

Instructions: (pc=0x00007f8817914db7)
0x00007f8817914d97:   65 fd ff 41 83 fe 01 0f 84 ec fb ff ff e9 b9 fa
0x00007f8817914da7:   ff ff 0f 1f 80 00 00 00 00 48 8b 85 10 0b 00 00
0x00007f8817914db7:   80 78 0c 00 0f 84 9f fd ff ff 48 89 ef e8 17 63
0x00007f8817914dc7:   fd ff e9 92 fd ff ff 4c 89 e6 48 89 ef e8 47 46 

Register to memory mapping:

RAX=0x0000000000000000 is an unknown value
RBX=0x00007f886b481690 is pointing into the stack for thread: 0x00007f886400e800
RCX=0x0000000000000000 is an unknown value
RDX=0x0000000000000000 is an unknown value
RSP=0x00007f886b481640 is pointing into the stack for thread: 0x00007f886400e800
RBP=0x00007f8864903700 is an unknown value
RSI=0x0000000000000000 is an unknown value
RDI=0x00007f886b481750 is pointing into the stack for thread: 0x00007f886400e800
R8 =0x0000000000000000 is an unknown value
R9 =0x0000000000000000 is an unknown value
R10=0x0000000000001202 is an unknown value
R11=0x00007f8817a896d0: _ZN11PAGE_RES_IT16internal_forwardEbb+0 in /usr/local/lib/libtesseract.so at 0x00007f8817858000
R12=0x00007f88649ba1e0 is an unknown value
R13=0x0000000000000000 is an unknown value
R14=0x0000000000000000 is an unknown value
R15=0x00007f88649ba1e0 is an unknown value


Stack: [0x00007f886b383000,0x00007f886b484000],  sp=0x00007f886b481640,  free space=1017k
Native frames: (J=compiled Java code, j=interpreted, Vv=VM code, C=native code)
C  [libtesseract.so+0xbcdb7]  tesseract::Tesseract::recog_all_words(PAGE_RES*, ETEXT_DESC*, TBOX const*, char const*, int)+0x5e7

Java frames: (J=compiled Java code, j=interpreted, Vv=VM code)
j  com.sun.jna.Native.invokePointer(JI[Ljava/lang/Object;)J+0
j  com.sun.jna.Function.invokePointer(I[Ljava/lang/Object;)Lcom/sun/jna/Pointer;+6
j  com.sun.jna.Function.invoke([Ljava/lang/Object;Ljava/lang/Class;Z)Ljava/lang/Object;+426
j  com.sun.jna.Function.invoke(Ljava/lang/Class;[Ljava/lang/Object;Ljava/util/Map;)Ljava/lang/Object;+262
j  com.sun.jna.Library$Handler.invoke(Ljava/lang/Object;Ljava/lang/reflect/Method;[Ljava/lang/Object;)Ljava/lang/Object;+316
j  com.sun.proxy.$Proxy0.TessBaseAPIGetUTF8Text(Lnet/sourceforge/tess4j/ITessAPI$TessBaseAPI;)Lcom/sun/jna/Pointer;+16
j  net.sourceforge.tess4j.Tesseract.getOCRText(Ljava/lang/String;I)Ljava/lang/String;+62
j  net.sourceforge.tess4j.Tesseract.doOCR(Ljava/util/List;Ljava/lang/String;Ljava/awt/Rectangle;)Ljava/lang/String;+69
j  net.sourceforge.tess4j.Tesseract.doOCR(Ljava/io/File;Ljava/awt/Rectangle;)Ljava/lang/String;+10
j  net.sourceforge.tess4j.Tesseract.doOCR(Ljava/io/File;)Ljava/lang/String;+3
j  cn.fm.utils.OCRHelper.ocrCompanyFile(Ljava/lang/String;)Lcn/fm/pojo/CompanyFile;+68
j  cn.fm.utils.TestOCR.main([Ljava/lang/String;)V+27
v  ~StubRoutines::call_stub

---------------  P R O C E S S  ---------------

Java Threads: ( => current thread )
  0x00007f88645eb800 JavaThread "Java2D Disposer" daemon [_thread_blocked, id=12992, stack(0x00007f88248d2000,0x00007f88249d3000)]
  0x00007f886451b000 JavaThread "Service Thread" daemon [_thread_blocked, id=12990, stack(0x00007f88452ac000,0x00007f88453ad000)]
  0x00007f8864518000 JavaThread "C1 CompilerThread2" daemon [_thread_blocked, id=12989, stack(0x00007f88453ad000,0x00007f88454ae000)]
  0x00007f8864515000 JavaThread "C2 CompilerThread1" daemon [_thread_blocked, id=12988, stack(0x00007f88454ae000,0x00007f88455af000)]
  0x00007f8864513800 JavaThread "C2 CompilerThread0" daemon [_thread_blocked, id=12987, stack(0x00007f88457c6000,0x00007f88458c7000)]
  0x00007f8864512000 JavaThread "Monitor Ctrl-Break" daemon [_thread_in_native, id=12986, stack(0x00007f88458c7000,0x00007f88459c8000)]
  0x00007f8864183000 JavaThread "Signal Dispatcher" daemon [_thread_blocked, id=12982, stack(0x00007f8845b2e000,0x00007f8845c2f000)]
  0x00007f8864150000 JavaThread "Finalizer" daemon [_thread_blocked, id=12975, stack(0x00007f88465ee000,0x00007f88466ef000)]
  0x00007f886414d800 JavaThread "Reference Handler" daemon [_thread_blocked, id=12973, stack(0x00007f88466ef000,0x00007f88467f0000)]
=>0x00007f886400e800 JavaThread "main" [_thread_in_native, id=12960, stack(0x00007f886b383000,0x00007f886b484000)]

Other Threads:
  0x00007f8864143800 VMThread [stack: 0x00007f88467f0000,0x00007f88468f1000] [id=12972]
  0x00007f8864520800 WatcherThread [stack: 0x00007f88451ab000,0x00007f88452ac000] [id=12991]

VM state:not at safepoint (normal execution)

VM Mutex/Monitor currently owned by a thread: None

Heap:
 PSYoungGen      total 64000K, used 29823K [0x00000000d7000000, 0x00000000dd280000, 0x0000000100000000)
  eden space 58880K, 50% used [0x00000000d7000000,0x00000000d8d1fc68,0x00000000da980000)
  from space 5120K, 0% used [0x00000000dae80000,0x00000000dae80000,0x00000000db380000)
  to   space 5120K, 0% used [0x00000000da980000,0x00000000da980000,0x00000000dae80000)
 ParOldGen       total 238080K, used 74803K [0x0000000085000000, 0x0000000093880000, 0x00000000d7000000)
  object space 238080K, 31% used [0x0000000085000000,0x000000008990cef8,0x0000000093880000)
 Metaspace       used 11406K, capacity 11612K, committed 11776K, reserved 1058816K
  class space    used 1373K, capacity 1440K, committed 1536K, reserved 1048576K

Card table byte_map: [0x00007f8854867000,0x00007f8854c40000] byte_map_base: 0x00007f885443f000

Marking Bits: (ParMarkBitMap*) 0x00007f886a8520a0
 Begin Bits: [0x00007f884c280000, 0x00007f884e140000)
 End Bits:   [0x00007f884e140000, 0x00007f8850000000)

Polling page: 0x00007f886b4a4000

CodeCache: size=245760Kb used=3520Kb max_used=3525Kb free=242239Kb
 bounds [0x00007f8855000000, 0x00007f8855380000, 0x00007f8864000000]
 total_blobs=1248 nmethods=869 adapters=293
 compilation: enabled

Compilation events (10 events):
Event: 2.370 Thread 0x00007f8864515000 nmethod 866 0x00007f8855371950 code [0x00007f8855371aa0, 0x00007f8855371b68]
Event: 2.370 Thread 0x00007f8864515000  865       4       java.lang.Math::min (12 bytes)
Event: 2.370 Thread 0x00007f8864515000 nmethod 865 0x00007f8855371c50 code [0x00007f8855371da0, 0x00007f8855371e18]
Event: 2.371 Thread 0x00007f8864513800 nmethod 864 0x00007f885536fb90 code [0x00007f885536fd00, 0x00007f88553701e8]
Event: 2.451 Thread 0x00007f8864518000  867       3       sun.reflect.ClassFileAssembler::emitShort (24 bytes)
Event: 2.451 Thread 0x00007f8864518000 nmethod 867 0x00007f885536f310 code [0x00007f885536f4a0, 0x00007f885536f7b8]
Event: 2.451 Thread 0x00007f8864518000  868       3       java.lang.StringBuilder::append (8 bytes)
Event: 2.451 Thread 0x00007f8864518000 nmethod 868 0x00007f885536ef90 code [0x00007f885536f100, 0x00007f885536f288]
Event: 2.451 Thread 0x00007f8864518000  869       3       java.lang.AbstractStringBuilder::append (62 bytes)
Event: 2.452 Thread 0x00007f8864518000 nmethod 869 0x00007f8855370950 code [0x00007f8855370b60, 0x00007f8855371478]

GC Heap History (10 events):
Event: 1.438 GC heap before
{Heap before GC invocations=3 (full 1):
 PSYoungGen      total 36864K, used 31744K [0x00000000d7000000, 0x00000000db800000, 0x0000000100000000)
  eden space 31744K, 100% used [0x00000000d7000000,0x00000000d8f00000,0x00000000d8f00000)
  from space 5120K, 0% used [0x00000000d8f00000,0x00000000d8f00000,0x00000000d9400000)
  to   space 5120K, 0% used [0x00000000db300000,0x00000000db300000,0x00000000db800000)
 ParOldGen       total 123904K, used 58067K [0x0000000085000000, 0x000000008c900000, 0x00000000d7000000)
  object space 123904K, 46% used [0x0000000085000000,0x00000000888b4ca8,0x000000008c900000)
 Metaspace       used 9261K, capacity 9456K, committed 9600K, reserved 1058816K
  class space    used 1076K, capacity 1150K, committed 1152K, reserved 1048576K
Event: 1.442 GC heap after
Heap after GC invocations=3 (full 1):
 PSYoungGen      total 46080K, used 1864K [0x00000000d7000000, 0x00000000db500000, 0x0000000100000000)
  eden space 44032K, 0% used [0x00000000d7000000,0x00000000d7000000,0x00000000d9b00000)
  from space 2048K, 91% used [0x00000000db300000,0x00000000db4d2250,0x00000000db500000)
  to   space 5120K, 0% used [0x00000000dab00000,0x00000000dab00000,0x00000000db000000)
 ParOldGen       total 123904K, used 58075K [0x0000000085000000, 0x000000008c900000, 0x00000000d7000000)
  object space 123904K, 46% used [0x0000000085000000,0x00000000888b6ca8,0x000000008c900000)
 Metaspace       used 9261K, capacity 9456K, committed 9600K, reserved 1058816K
  class space    used 1076K, capacity 1150K, committed 1152K, reserved 1048576K
}
Event: 1.442 GC heap before
{Heap before GC invocations=4 (full 2):
 PSYoungGen      total 46080K, used 1864K [0x00000000d7000000, 0x00000000db500000, 0x0000000100000000)
  eden space 44032K, 0% used [0x00000000d7000000,0x00000000d7000000,0x00000000d9b00000)
  from space 2048K, 91% used [0x00000000db300000,0x00000000db4d2250,0x00000000db500000)
  to   space 5120K, 0% used [0x00000000dab00000,0x00000000dab00000,0x00000000db000000)
 ParOldGen       total 123904K, used 58075K [0x0000000085000000, 0x000000008c900000, 0x00000000d7000000)
  object space 123904K, 46% used [0x0000000085000000,0x00000000888b6ca8,0x000000008c900000)
 Metaspace       used 9261K, capacity 9456K, committed 9600K, reserved 1058816K
  class space    used 1076K, capacity 1150K, committed 1152K, reserved 1048576K
Event: 1.481 GC heap after
Heap after GC invocations=4 (full 2):
 PSYoungGen      total 46080K, used 0K [0x00000000d7000000, 0x00000000db500000, 0x0000000100000000)
  eden space 44032K, 0% used [0x00000000d7000000,0x00000000d7000000,0x00000000d9b00000)
  from space 2048K, 0% used [0x00000000db300000,0x00000000db300000,0x00000000db500000)
  to   space 5120K, 0% used [0x00000000dab00000,0x00000000dab00000,0x00000000db000000)
 ParOldGen       total 166400K, used 21479K [0x0000000085000000, 0x000000008f280000, 0x00000000d7000000)
  object space 166400K, 12% used [0x0000000085000000,0x00000000864f9d00,0x000000008f280000)
 Metaspace       used 9261K, capacity 9456K, committed 9600K, reserved 1058816K
  class space    used 1076K, capacity 1150K, committed 1152K, reserved 1048576K
}
Event: 2.159 GC heap before
{Heap before GC invocations=5 (full 2):
 PSYoungGen      total 46080K, used 44032K [0x00000000d7000000, 0x00000000db500000, 0x0000000100000000)
  eden space 44032K, 100% used [0x00000000d7000000,0x00000000d9b00000,0x00000000d9b00000)
  from space 2048K, 0% used [0x00000000db300000,0x00000000db300000,0x00000000db500000)
  to   space 5120K, 0% used [0x00000000dab00000,0x00000000dab00000,0x00000000db000000)
 ParOldGen       total 166400K, used 21479K [0x0000000085000000, 0x000000008f280000, 0x00000000d7000000)
  object space 166400K, 12% used [0x0000000085000000,0x00000000864f9d00,0x000000008f280000)
 Metaspace       used 11058K, capacity 11286K, committed 11392K, reserved 1058816K
  class space    used 1300K, capacity 1375K, committed 1408K, reserved 1048576K
Event: 2.160 GC heap after
Heap after GC invocations=5 (full 2):
 PSYoungGen      total 59904K, used 1049K [0x00000000d7000000, 0x00000000db380000, 0x0000000100000000)
  eden space 58368K, 0% used [0x00000000d7000000,0x00000000d7000000,0x00000000da900000)
  from space 1536K, 68% used [0x00000000dab00000,0x00000000dac06490,0x00000000dac80000)
  to   space 5120K, 0% used [0x00000000dae80000,0x00000000dae80000,0x00000000db380000)
 ParOldGen       total 166400K, used 21487K [0x0000000085000000, 0x000000008f280000, 0x00000000d7000000)
  object space 166400K, 12% used [0x0000000085000000,0x00000000864fbd00,0x000000008f280000)
 Metaspace       used 11058K, capacity 11286K, committed 11392K, reserved 1058816K
  class space    used 1300K, capacity 1375K, committed 1408K, reserved 1048576K
}
Event: 2.303 GC heap before
{Heap before GC invocations=6 (full 2):
 PSYoungGen      total 59904K, used 55341K [0x00000000d7000000, 0x00000000db380000, 0x0000000100000000)
  eden space 58368K, 93% used [0x00000000d7000000,0x00000000da505350,0x00000000da900000)
  from space 1536K, 68% used [0x00000000dab00000,0x00000000dac06490,0x00000000dac80000)
  to   space 5120K, 0% used [0x00000000dae80000,0x00000000dae80000,0x00000000db380000)
 ParOldGen       total 166400K, used 21487K [0x0000000085000000, 0x000000008f280000, 0x00000000d7000000)
  object space 166400K, 12% used [0x0000000085000000,0x00000000864fbd00,0x000000008f280000)
 Metaspace       used 11385K, capacity 11606K, committed 11776K, reserved 1058816K
  class space    used 1371K, capacity 1439K, committed 1536K, reserved 1048576K
Event: 2.329 GC heap after
Heap after GC invocations=6 (full 2):
 PSYoungGen      total 64000K, used 2844K [0x00000000d7000000, 0x00000000dd280000, 0x0000000100000000)
  eden space 58880K, 0% used [0x00000000d7000000,0x00000000d7000000,0x00000000da980000)
  from space 5120K, 55% used [0x00000000dae80000,0x00000000db147028,0x00000000db380000)
  to   space 5120K, 0% used [0x00000000da980000,0x00000000da980000,0x00000000dae80000)
 ParOldGen       total 166400K, used 96719K [0x0000000085000000, 0x000000008f280000, 0x00000000d7000000)
  object space 166400K, 58% used [0x0000000085000000,0x000000008ae73c00,0x000000008f280000)
 Metaspace       used 11385K, capacity 11606K, committed 11776K, reserved 1058816K
  class space    used 1371K, capacity 1439K, committed 1536K, reserved 1048576K
}
Event: 2.329 GC heap before
{Heap before GC invocations=7 (full 3):
 PSYoungGen      total 64000K, used 2844K [0x00000000d7000000, 0x00000000dd280000, 0x0000000100000000)
  eden space 58880K, 0% used [0x00000000d7000000,0x00000000d7000000,0x00000000da980000)
  from space 5120K, 55% used [0x00000000dae80000,0x00000000db147028,0x00000000db380000)
  to   space 5120K, 0% used [0x00000000da980000,0x00000000da980000,0x00000000dae80000)
 ParOldGen       total 166400K, used 96719K [0x0000000085000000, 0x000000008f280000, 0x00000000d7000000)
  object space 166400K, 58% used [0x0000000085000000,0x000000008ae73c00,0x000000008f280000)
 Metaspace       used 11385K, capacity 11606K, committed 11776K, reserved 1058816K
  class space    used 1371K, capacity 1439K, committed 1536K, reserved 1048576K
Event: 2.365 GC heap after
Heap after GC invocations=7 (full 3):
 PSYoungGen      total 64000K, used 0K [0x00000000d7000000, 0x00000000dd280000, 0x0000000100000000)
  eden space 58880K, 0% used [0x00000000d7000000,0x00000000d7000000,0x00000000da980000)
  from space 5120K, 0% used [0x00000000dae80000,0x00000000dae80000,0x00000000db380000)
  to   space 5120K, 0% used [0x00000000da980000,0x00000000da980000,0x00000000dae80000)
 ParOldGen       total 238080K, used 42035K [0x0000000085000000, 0x0000000093880000, 0x00000000d7000000)
  object space 238080K, 17% used [0x0000000085000000,0x000000008790cee8,0x0000000093880000)
 Metaspace       used 11385K, capacity 11606K, committed 11776K, reserved 1058816K
  class space    used 1371K, capacity 1439K, committed 1536K, reserved 1048576K
}

Deoptimization events (6 events):
Event: 0.981 Thread 0x00007f886400e800 Uncommon trap: reason=unstable_if action=reinterpret pc=0x00007f88551a4990 method=java.lang.String.indexOf([CII[CIII)I @ 3
Event: 1.318 Thread 0x00007f886400e800 Uncommon trap: reason=unstable_if action=reinterpret pc=0x00007f88551f449c method=java.lang.String.replace(CC)Ljava/lang/String; @ 26
Event: 1.704 Thread 0x00007f886400e800 Uncommon trap: reason=unstable_if action=reinterpret pc=0x00007f8855289a1c method=javax.imageio.stream.FileImageInputStream.read([BII)I @ 24
Event: 1.855 Thread 0x00007f886400e800 Uncommon trap: reason=unstable_if action=reinterpret pc=0x00007f88552bd720 method=java.util.HashMap.getNode(ILjava/lang/Object;)Ljava/util/HashMap$Node; @ 129
Event: 1.855 Thread 0x00007f886400e800 Uncommon trap: reason=unstable_if action=reinterpret pc=0x00007f88552b13ac method=java.util.HashMap.getNode(ILjava/lang/Object;)Ljava/util/HashMap$Node; @ 129
Event: 2.406 Thread 0x00007f886400e800 Uncommon trap: reason=unstable_if action=reinterpret pc=0x00007f8855371de8 method=java.lang.Math.min(JJ)J @ 3

Classes redefined (0 events):
No events

Internal exceptions (10 events):
Event: 0.029 Thread 0x00007f886400e800 Exception <a 'java/lang/NoSuchMethodError': Method sun.misc.Unsafe.prefetchRead(Ljava/lang/Object;J)V name or signature does not match> (0x00000000d7007f98) thrown at [/HUDSON/workspace/8-2-build-linux-amd64/jdk8u181/11358/hotspot/src/share/vm/prims/jni.c
Event: 0.201 Thread 0x00007f886400e800 Exception <a 'java/security/PrivilegedActionException'> (0x00000000d7342538) thrown at [/HUDSON/workspace/8-2-build-linux-amd64/jdk8u181/11358/hotspot/src/share/vm/prims/jvm.cpp, line 1435]
Event: 0.201 Thread 0x00007f886400e800 Exception <a 'java/security/PrivilegedActionException'> (0x00000000d7342930) thrown at [/HUDSON/workspace/8-2-build-linux-amd64/jdk8u181/11358/hotspot/src/share/vm/prims/jvm.cpp, line 1435]
Event: 0.202 Thread 0x00007f886400e800 Exception <a 'java/security/PrivilegedActionException'> (0x00000000d73449e0) thrown at [/HUDSON/workspace/8-2-build-linux-amd64/jdk8u181/11358/hotspot/src/share/vm/prims/jvm.cpp, line 1435]
Event: 0.202 Thread 0x00007f886400e800 Exception <a 'java/security/PrivilegedActionException'> (0x00000000d7344dd8) thrown at [/HUDSON/workspace/8-2-build-linux-amd64/jdk8u181/11358/hotspot/src/share/vm/prims/jvm.cpp, line 1435]
Event: 0.259 Thread 0x00007f886400e800 Exception <a 'java/lang/NoSuchFieldError': method resolution failed> (0x00000000d7537f00) thrown at [/HUDSON/workspace/8-2-build-linux-amd64/jdk8u181/11358/hotspot/src/share/vm/prims/methodHandles.cpp, line 1167]
Event: 0.270 Thread 0x00007f886400e800 Exception <a 'java/lang/NoSuchFieldError': method resolution failed> (0x00000000d7546178) thrown at [/HUDSON/workspace/8-2-build-linux-amd64/jdk8u181/11358/hotspot/src/share/vm/prims/methodHandles.cpp, line 1167]
Event: 0.295 Thread 0x00007f886400e800 Exception <a 'java/io/FileNotFoundException'> (0x00000000d75eaca8) thrown at [/HUDSON/workspace/8-2-build-linux-amd64/jdk8u181/11358/hotspot/src/share/vm/prims/jni.cpp, line 709]
Event: 0.295 Thread 0x00007f886400e800 Exception <a 'java/io/FileNotFoundException'> (0x00000000d75eb580) thrown at [/HUDSON/workspace/8-2-build-linux-amd64/jdk8u181/11358/hotspot/src/share/vm/prims/jni.cpp, line 709]
Event: 1.029 Thread 0x00007f886400e800 Exception <a 'java/io/FileNotFoundException'> (0x00000000d81c8d88) thrown at [/HUDSON/workspace/8-2-build-linux-amd64/jdk8u181/11358/hotspot/src/share/vm/prims/jni.cpp, line 709]

Events (10 events):
Event: 2.366 Executing VM operation: ParallelGCFailedAllocation done
Event: 2.406 Thread 0x00007f886400e800 Uncommon trap: trap_request=0xffffff65 fr.pc=0x00007f8855371de8
Event: 2.406 Thread 0x00007f886400e800 DEOPT PACKING pc=0x00007f8855371de8 sp=0x00007f886b482430
Event: 2.406 Thread 0x00007f886400e800 DEOPT UNPACKING pc=0x00007f885504573a sp=0x00007f886b4823f8 mode 2
Event: 2.418 loading class java/nio/DirectByteBuffer$Deallocator
Event: 2.418 loading class java/nio/DirectByteBuffer$Deallocator done
Event: 2.424 loading class java/lang/StrictMath
Event: 2.424 loading class java/lang/StrictMath done
Event: 2.424 loading class com/sun/jna/Native$Buffers
Event: 2.424 loading class com/sun/jna/Native$Buffers done


Dynamic libraries:
00400000-00401000 r-xp 00000000 00:1a 249670                             /usr/java/jdk/bin/java
00600000-00601000 rw-p 00000000 00:1a 249670                             /usr/java/jdk/bin/java
0176c000-0178d000 rw-p 00000000 00:00 0                                  [heap]
85000000-93880000 rw-p 00000000 00:00 0 
93880000-d7000000 ---p 00000000 00:00 0 
d7000000-dd280000 rw-p 00000000 00:00 0 
dd280000-100000000 ---p 00000000 00:00 0 
100000000-100180000 rw-p 00000000 00:00 0 
100180000-140000000 ---p 00000000 00:00 0 
7f8806783000-7f8808000000 rw-p 00000000 00:00 0 
7f8808000000-7f88085f3000 rw-p 00000000 00:00 0 
7f88085f3000-7f880c000000 ---p 00000000 00:00 0 
7f880c000000-7f880c021000 rw-p 00000000 00:00 0 
7f880c021000-7f8810000000 ---p 00000000 00:00 0 
7f8810000000-7f8810021000 rw-p 00000000 00:00 0 
7f8810021000-7f8814000000 ---p 00000000 00:00 0 
7f8814f06000-7f8816164000 rw-p 00000000 00:00 0 
7f8816164000-7f8816175000 r-xp 00000000 00:1a 251390                     /usr/java/jdk/jre/lib/amd64/libnio.so
7f8816175000-7f8816374000 ---p 00011000 00:1a 251390                     /usr/java/jdk/jre/lib/amd64/libnio.so
7f8816374000-7f8816375000 rw-p 00010000 00:1a 251390                     /usr/java/jdk/jre/lib/amd64/libnio.so
7f8816375000-7f8816380000 r-xp 00000000 00:1a 29257                      /usr/lib/x86_64-linux-gnu/libjbig.so.0
7f8816380000-7f881657f000 ---p 0000b000 00:1a 29257                      /usr/lib/x86_64-linux-gnu/libjbig.so.0
7f881657f000-7f8816580000 r--p 0000a000 00:1a 29257                      /usr/lib/x86_64-linux-gnu/libjbig.so.0
7f8816580000-7f8816583000 rw-p 0000b000 00:1a 29257                      /usr/lib/x86_64-linux-gnu/libjbig.so.0
7f8816583000-7f88165a4000 r-xp 00000000 00:1a 12718                      /lib/x86_64-linux-gnu/liblzma.so.5.0.0
7f88165a4000-7f88167a3000 ---p 00021000 00:1a 12718                      /lib/x86_64-linux-gnu/liblzma.so.5.0.0
7f88167a3000-7f88167a4000 r--p 00020000 00:1a 12718                      /lib/x86_64-linux-gnu/liblzma.so.5.0.0
7f88167a4000-7f88167a5000 rw-p 00021000 00:1a 12718                      /lib/x86_64-linux-gnu/liblzma.so.5.0.0
7f88167a5000-7f8816816000 r-xp 00000000 00:1a 29714                      /usr/lib/x86_64-linux-gnu/libtiff.so.5.2.4
7f8816816000-7f8816a15000 ---p 00071000 00:1a 29714                      /usr/lib/x86_64-linux-gnu/libtiff.so.5.2.4
7f8816a15000-7f8816a16000 r--p 00070000 00:1a 29714                      /usr/lib/x86_64-linux-gnu/libtiff.so.5.2.4
7f8816a16000-7f8816a19000 rw-p 00071000 00:1a 29714                      /usr/lib/x86_64-linux-gnu/libtiff.so.5.2.4
7f8816a19000-7f8816a70000 r-xp 00000000 00:1a 29261                      /usr/lib/x86_64-linux-gnu/libjpeg.so.8.0.2
7f8816a70000-7f8816c70000 ---p 00057000 00:1a 29261                      /usr/lib/x86_64-linux-gnu/libjpeg.so.8.0.2
7f8816c70000-7f8816c71000 r--p 00057000 00:1a 29261                      /usr/lib/x86_64-linux-gnu/libjpeg.so.8.0.2
7f8816c71000-7f8816c72000 rw-p 00058000 00:1a 29261                      /usr/lib/x86_64-linux-gnu/libjpeg.so.8.0.2
7f8816c72000-7f8816c96000 r-xp 00000000 00:1a 12792                      /lib/x86_64-linux-gnu/libpng12.so.0.54.0
7f8816c96000-7f8816e95000 ---p 00024000 00:1a 12792                      /lib/x86_64-linux-gnu/libpng12.so.0.54.0
7f8816e95000-7f8816e96000 r--p 00023000 00:1a 12792                      /lib/x86_64-linux-gnu/libpng12.so.0.54.0
7f8816e96000-7f8816e97000 rw-p 00024000 00:1a 12792                      /lib/x86_64-linux-gnu/libpng12.so.0.54.0
7f8816e97000-7f8816eb2000 r-xp 00000000 00:1a 682825                     /usr/local/lib/libz.so.1.2.11
7f8816eb2000-7f88170b1000 ---p 0001b000 00:1a 682825                     /usr/local/lib/libz.so.1.2.11
7f88170b1000-7f88170b2000 r--p 0001a000 00:1a 682825                     /usr/local/lib/libz.so.1.2.11
7f88170b2000-7f88170b3000 rw-p 0001b000 00:1a 682825                     /usr/local/lib/libz.so.1.2.11
7f88170b3000-7f8817225000 r-xp 00000000 00:1a 29682                      /usr/lib/x86_64-linux-gnu/libstdc++.so.6.0.21
7f8817225000-7f8817425000 ---p 00172000 00:1a 29682                      /usr/lib/x86_64-linux-gnu/libstdc++.so.6.0.21
7f8817425000-7f881742f000 r--p 00172000 00:1a 29682                      /usr/lib/x86_64-linux-gnu/libstdc++.so.6.0.21
7f881742f000-7f8817431000 rw-p 0017c000 00:1a 29682                      /usr/lib/x86_64-linux-gnu/libstdc++.so.6.0.21
7f8817431000-7f8817435000 rw-p 00000000 00:00 0 
7f8817435000-7f881764e000 r-xp 00000000 00:1a 634390                     /usr/local/lib/liblept.so.4.0.2
7f881764e000-7f881784e000 ---p 00219000 00:1a 634390                     /usr/local/lib/liblept.so.4.0.2
7f881784e000-7f881784f000 r--p 00219000 00:1a 634390                     /usr/local/lib/liblept.so.4.0.2
7f881784f000-7f8817858000 rw-p 0021a000 00:1a 634390                     /usr/local/lib/liblept.so.4.0.2
7f8817858000-7f8817b60000 r-xp 00000000 00:1a 635602                     /usr/local/lib/libtesseract.so.3.0.4
7f8817b60000-7f8817d60000 ---p 00308000 00:1a 635602                     /usr/local/lib/libtesseract.so.3.0.4
7f8817d60000-7f8817d64000 r--p 00308000 00:1a 635602                     /usr/local/lib/libtesseract.so.3.0.4
7f8817d64000-7f8817d6c000 rw-p 0030c000 00:1a 635602                     /usr/local/lib/libtesseract.so.3.0.4
7f8817d6c000-7f8818000000 rw-p 00000000 00:00 0 
7f8818000000-7f8818329000 rw-p 00000000 00:00 0 
7f8818329000-7f881c000000 ---p 00000000 00:00 0 
7f881c000000-7f881c021000 rw-p 00000000 00:00 0 
7f881c021000-7f8820000000 ---p 00000000 00:00 0 
7f8820000000-7f882030a000 rw-p 00000000 00:00 0 
7f882030a000-7f8824000000 ---p 00000000 00:00 0 
7f8824169000-7f882417f000 r-xp 00000000 00:1a 12689                      /lib/x86_64-linux-gnu/libgcc_s.so.1
7f882417f000-7f882437e000 ---p 00016000 00:1a 12689                      /lib/x86_64-linux-gnu/libgcc_s.so.1
7f882437e000-7f882437f000 rw-p 00015000 00:1a 12689                      /lib/x86_64-linux-gnu/libgcc_s.so.1
7f882437f000-7f8824396000 r-xp 00000000 00:1a 811229                     /tmp/jna-118192/jna1811589649025862628.tmp (deleted)
7f8824396000-7f8824495000 ---p 00017000 00:1a 811229                     /tmp/jna-118192/jna1811589649025862628.tmp (deleted)
7f8824495000-7f8824497000 rw-p 00016000 00:1a 811229                     /tmp/jna-118192/jna1811589649025862628.tmp (deleted)
7f8824497000-7f8824697000 rw-p 00000000 00:00 0 
7f8824697000-7f88246d2000 r-xp 00000000 00:1a 251332                     /usr/java/jdk/jre/lib/amd64/libjpeg.so
7f88246d2000-7f88248d1000 ---p 0003b000 00:1a 251332                     /usr/java/jdk/jre/lib/amd64/libjpeg.so
7f88248d1000-7f88248d2000 rw-p 0003a000 00:1a 251332                     /usr/java/jdk/jre/lib/amd64/libjpeg.so
7f88248d2000-7f88248d5000 ---p 00000000 00:00 0 
7f88248d5000-7f88249d3000 rw-p 00000000 00:00 0 
7f88249d3000-7f88249d8000 r-xp 00000000 00:1a 28514                      /usr/lib/x86_64-linux-gnu/libXdmcp.so.6.0.0
7f88249d8000-7f8824bd7000 ---p 00005000 00:1a 28514                      /usr/lib/x86_64-linux-gnu/libXdmcp.so.6.0.0
7f8824bd7000-7f8824bd8000 r--p 00004000 00:1a 28514                      /usr/lib/x86_64-linux-gnu/libXdmcp.so.6.0.0
7f8824bd8000-7f8824bd9000 rw-p 00005000 00:1a 28514                      /usr/lib/x86_64-linux-gnu/libXdmcp.so.6.0.0
7f8824bd9000-7f8824bdb000 r-xp 00000000 00:1a 28503                      /usr/lib/x86_64-linux-gnu/libXau.so.6.0.0
7f8824bdb000-7f8824ddb000 ---p 00002000 00:1a 28503                      /usr/lib/x86_64-linux-gnu/libXau.so.6.0.0
7f8824ddb000-7f8824ddc000 r--p 00002000 00:1a 28503                      /usr/lib/x86_64-linux-gnu/libXau.so.6.0.0
7f8824ddc000-7f8824ddd000 rw-p 00003000 00:1a 28503                      /usr/lib/x86_64-linux-gnu/libXau.so.6.0.0
7f8824ddd000-7f8824dfe000 r-xp 00000000 00:1a 29933                      /usr/lib/x86_64-linux-gnu/libxcb.so.1.1.0
7f8824dfe000-7f8824ffd000 ---p 00021000 00:1a 29933                      /usr/lib/x86_64-linux-gnu/libxcb.so.1.1.0
7f8824ffd000-7f8824ffe000 r--p 00020000 00:1a 29933                      /usr/lib/x86_64-linux-gnu/libxcb.so.1.1.0
7f8824ffe000-7f8824fff000 rw-p 00021000 00:1a 29933                      /usr/lib/x86_64-linux-gnu/libxcb.so.1.1.0
7f8824fff000-7f8828000000 rw-p 00000000 00:00 0 
7f8828000000-7f8828021000 rw-p 00000000 00:00 0 
7f8828021000-7f882c000000 ---p 00000000 00:00 0 
7f882c000000-7f882c021000 rw-p 00000000 00:00 0 
7f882c021000-7f8830000000 ---p 00000000 00:00 0 
7f8830000000-7f8830021000 rw-p 00000000 00:00 0 
7f8830021000-7f8834000000 ---p 00000000 00:00 0 
7f8834000000-7f8834021000 rw-p 00000000 00:00 0 
7f8834021000-7f8838000000 ---p 00000000 00:00 0 
7f8838000000-7f8838021000 rw-p 00000000 00:00 0 
7f8838021000-7f883c000000 ---p 00000000 00:00 0 
7f883c000000-7f883c021000 rw-p 00000000 00:00 0 
7f883c021000-7f8840000000 ---p 00000000 00:00 0 
7f8840000000-7f8840021000 rw-p 00000000 00:00 0 
7f8840021000-7f8844000000 ---p 00000000 00:00 0 
7f88440b6000-7f88440d2000 r--s 00393000 00:1a 251232                     /usr/java/jdk/jre/lib/ext/cldrdata.jar
7f88440d2000-7f88440f3000 r--p 00000000 00:1a 138003                     /usr/share/locale-langpack/zh_CN/LC_MESSAGES/libc.mo
7f88440f3000-7f8844102000 r-xp 00000000 00:1a 28526                      /usr/lib/x86_64-linux-gnu/libXi.so.6.1.0
7f8844102000-7f8844301000 ---p 0000f000 00:1a 28526                      /usr/lib/x86_64-linux-gnu/libXi.so.6.1.0
7f8844301000-7f8844302000 r--p 0000e000 00:1a 28526                      /usr/lib/x86_64-linux-gnu/libXi.so.6.1.0
7f8844302000-7f8844303000 rw-p 0000f000 00:1a 28526                      /usr/lib/x86_64-linux-gnu/libXi.so.6.1.0
7f8844303000-7f8844308000 r-xp 00000000 00:1a 28544                      /usr/lib/x86_64-linux-gnu/libXtst.so.6.1.0
7f8844308000-7f8844507000 ---p 00005000 00:1a 28544                      /usr/lib/x86_64-linux-gnu/libXtst.so.6.1.0
7f8844507000-7f8844508000 r--p 00004000 00:1a 28544                      /usr/lib/x86_64-linux-gnu/libXtst.so.6.1.0
7f8844508000-7f8844509000 rw-p 00005000 00:1a 28544                      /usr/lib/x86_64-linux-gnu/libXtst.so.6.1.0
7f8844509000-7f8844512000 r-xp 00000000 00:1a 28538                      /usr/lib/x86_64-linux-gnu/libXrender.so.1.3.0
7f8844512000-7f8844711000 ---p 00009000 00:1a 28538                      /usr/lib/x86_64-linux-gnu/libXrender.so.1.3.0
7f8844711000-7f8844712000 r--p 00008000 00:1a 28538                      /usr/lib/x86_64-linux-gnu/libXrender.so.1.3.0
7f8844712000-7f8844713000 rw-p 00009000 00:1a 28538                      /usr/lib/x86_64-linux-gnu/libXrender.so.1.3.0
7f8844713000-7f8844848000 r-xp 00000000 00:1a 268459                     /usr/lib/x86_64-linux-gnu/libX11.so.6.3.0
7f8844848000-7f8844a48000 ---p 00135000 00:1a 268459                     /usr/lib/x86_64-linux-gnu/libX11.so.6.3.0
7f8844a48000-7f8844a49000 r--p 00135000 00:1a 268459                     /usr/lib/x86_64-linux-gnu/libX11.so.6.3.0
7f8844a49000-7f8844a4d000 rw-p 00136000 00:1a 268459                     /usr/lib/x86_64-linux-gnu/libX11.so.6.3.0
7f8844a4d000-7f8844a5e000 r-xp 00000000 00:1a 28516                      /usr/lib/x86_64-linux-gnu/libXext.so.6.4.0
7f8844a5e000-7f8844c5d000 ---p 00011000 00:1a 28516                      /usr/lib/x86_64-linux-gnu/libXext.so.6.4.0
7f8844c5d000-7f8844c5e000 r--p 00010000 00:1a 28516                      /usr/lib/x86_64-linux-gnu/libXext.so.6.4.0
7f8844c5e000-7f8844c5f000 rw-p 00011000 00:1a 28516                      /usr/lib/x86_64-linux-gnu/libXext.so.6.4.0
7f8844c65000-7f8844c6a000 r--s 0009d000 00:1a 251228                     /usr/java/jdk/jre/lib/jsse.jar
7f8844c6a000-7f8844c74000 r--s 00116000 00:1a 251239                     /usr/java/jdk/jre/lib/ext/localedata.jar
7f8844c74000-7f8844c7b000 r--s 00000000 00:1a 31088                      /usr/lib/x86_64-linux-gnu/gconv/gconv-modules.cache
7f8844c7b000-7f8844ccf000 r-xp 00000000 00:1a 251394                     /usr/java/jdk/jre/lib/amd64/libawt_xawt.so
7f8844ccf000-7f8844ecf000 ---p 00054000 00:1a 251394                     /usr/java/jdk/jre/lib/amd64/libawt_xawt.so
7f8844ecf000-7f8844ed3000 rw-p 00054000 00:1a 251394                     /usr/java/jdk/jre/lib/amd64/libawt_xawt.so
7f8844ed3000-7f8844ed4000 rw-p 00000000 00:00 0 
7f8844ed4000-7f8844f76000 r-xp 00000000 00:1a 251380                     /usr/java/jdk/jre/lib/amd64/libawt.so
7f8844f76000-7f8845176000 ---p 000a2000 00:1a 251380                     /usr/java/jdk/jre/lib/amd64/libawt.so
7f8845176000-7f8845182000 rw-p 000a2000 00:1a 251380                     /usr/java/jdk/jre/lib/amd64/libawt.so
7f8845182000-7f88451a6000 rw-p 00000000 00:00 0 
7f88451a6000-7f88451ab000 r--s 002f9000 00:1a 251169                     /usr/java/jdk/jre/lib/charsets.jar
7f88451ab000-7f88451ac000 ---p 00000000 00:00 0 
7f88451ac000-7f88452ac000 rw-p 00000000 00:00 0 
7f88452ac000-7f88452af000 ---p 00000000 00:00 0 
7f88452af000-7f88453ad000 rw-p 00000000 00:00 0 
7f88453ad000-7f88453b0000 ---p 00000000 00:00 0 
7f88453b0000-7f88454ae000 rw-p 00000000 00:00 0 
7f88454ae000-7f88454b1000 ---p 00000000 00:00 0 
7f88454b1000-7f88455af000 rw-p 00000000 00:00 0 
7f88455af000-7f88455c5000 r-xp 00000000 00:1a 251387                     /usr/java/jdk/jre/lib/amd64/libnet.so
7f88455c5000-7f88457c5000 ---p 00016000 00:1a 251387                     /usr/java/jdk/jre/lib/amd64/libnet.so
7f88457c5000-7f88457c6000 rw-p 00016000 00:1a 251387                     /usr/java/jdk/jre/lib/amd64/libnet.so
7f88457c6000-7f88457c9000 ---p 00000000 00:00 0 
7f88457c9000-7f88458c7000 rw-p 00000000 00:00 0 
7f88458c7000-7f88458ca000 ---p 00000000 00:00 0 
7f88458ca000-7f88459c8000 rw-p 00000000 00:00 0 
7f88459c8000-7f88459ca000 r--s 0001a000 00:32 2096                       /home/wxq/devel/idea/lib/idea_rt.jar
7f88459ca000-7f88459cb000 r--s 00002000 00:32 869664                     /home/wxq/IdeaProjects/FileSystem/src/main/webapp/lib/ZKFingerReader.jar
7f88459cb000-7f88459d5000 r--s 00072000 00:32 867901                     /home/wxq/.m2/repository/org/apache/sanselan/sanselan/0.97-incubator/sanselan-0.97-incubator.jar
7f88459d5000-7f88459d8000 r--s 00011000 00:32 867894                     /home/wxq/.m2/repository/com/github/mhshams/jnbis/2.0.1/jnbis-2.0.1.jar
7f88459d8000-7f88459e0000 r--s 00029000 00:32 867883                     /home/wxq/.m2/repository/com/machinezoo/noexception/noexception/1.3.2/noexception-1.3.2.jar
7f88459e0000-7f8845a08000 r--s 00241000 00:32 867887                     /home/wxq/.m2/repository/net/sf/trove4j/trove4j/3.0.3/trove4j-3.0.3.jar
7f8845a08000-7f8845a0d000 r--s 00036000 00:32 867885                     /home/wxq/.m2/repository/com/google/code/gson/gson/2.8.4/gson-2.8.4.jar
7f8845a0d000-7f8845a0f000 r--s 00018000 00:32 867891                     /home/wxq/.m2/repository/com/machinezoo/sourceafis/sourceafis/3.4.0/sourceafis-3.4.0.jar
7f8845a0f000-7f8845a1b000 r--s 00069000 00:32 40909                      /home/wxq/.m2/repository/org/hibernate/hibernate-validator/4.3.0.Final/hibernate-validator-4.3.0.Final.jar
7f8845a1b000-7f8845a1d000 r--s 0000d000 00:32 40914                      /home/wxq/.m2/repository/org/jboss/logging/jboss-logging/3.1.0.CR2/jboss-logging-3.1.0.CR2.jar
7f8845a1d000-7f8845a20000 r--s 00009000 00:32 40912                      /home/wxq/.m2/repository/javax/validation/validation-api/1.0.0.GA/validation-api-1.0.0.GA.jar
7f8845a20000-7f8845a23000 r--s 0000f000 00:32 40899                      /home/wxq/.m2/repository/commons-fileupload/commons-fileupload/1.3.3/commons-fileupload-1.3.3.jar
7f8845a23000-7f8845a27000 r--s 0002a000 00:32 40896                      /home/wxq/.m2/repository/commons-io/commons-io/2.4/commons-io-2.4.jar
7f8845a27000-7f8845a30000 r--s 00058000 00:32 40893                      /home/wxq/.m2/repository/taglibs/standard/1.1.2/standard-1.1.2.jar
7f8845a30000-7f8845a32000 r--s 00004000 00:32 40891                      /home/wxq/.m2/repository/javax/servlet/jstl/1.1.2/jstl-1.1.2.jar
7f8845a32000-7f8845a33000 r--s 00007000 00:32 40887                      /home/wxq/.m2/repository/javax/servlet/jsp/jstl/javax.servlet.jsp.jstl-api/1.2.1/javax.servlet.jsp.jstl-api-1.2.1.jar
7f8845a33000-7f8845a36000 r--s 00016000 00:32 40884                      /home/wxq/.m2/repository/javax/servlet/jsp/jsp-api/2.1/jsp-api-2.1.jar
7f8845a36000-7f8845a38000 r--s 00018000 00:32 40881                      /home/wxq/.m2/repository/javax/servlet/servlet-api/2.5/servlet-api-2.5.jar
7f8845a38000-7f8845a3a000 r--s 00006000 00:32 40878                      /home/wxq/.m2/repository/javax/servlet/jsp/jstl/jstl-api/1.2/jstl-api-1.2.jar
7f8845a3a000-7f8845a43000 r--s 0005c000 00:32 40875                      /home/wxq/.m2/repository/org/glassfish/web/javax.servlet.jsp.jstl/1.2.4/javax.servlet.jsp.jstl-1.2.4.jar
7f8845a43000-7f8845a5d000 r--s 00115000 00:32 40872                      /home/wxq/.m2/repository/net/sf/ehcache/ehcache-core/2.5.3/ehcache-core-2.5.3.jar
7f8845a5d000-7f8845a5f000 r--s 00005000 00:32 40854                      /home/wxq/.m2/repository/org/apache/shiro/shiro-spring/1.3.1/shiro-spring-1.3.1.jar
7f8845a5f000-7f8845a63000 r--s 00021000 00:32 40863                      /home/wxq/.m2/repository/org/apache/shiro/shiro-web/1.3.1/shiro-web-1.3.1.jar
7f8845a63000-7f8845a68000 r--s 00034000 00:32 40847                      /home/wxq/.m2/repository/commons-beanutils/commons-beanutils/1.8.3/commons-beanutils-1.8.3.jar
7f8845a68000-7f8845a71000 r--s 0005b000 00:32 40868                      /home/wxq/.m2/repository/org/apache/shiro/shiro-core/1.3.1/shiro-core-1.3.1.jar
7f8845a71000-7f8845a73000 r--s 00001000 00:32 40837                      /home/wxq/.m2/repository/org/slf4j/slf4j-log4j12/1.7.7/slf4j-log4j12-1.7.7.jar
7f8845a73000-7f8845a75000 r--s 00006000 00:32 40840                      /home/wxq/.m2/repository/org/slf4j/slf4j-api/1.7.7/slf4j-api-1.7.7.jar
7f8845a75000-7f8845a7e000 r--s 0006f000 00:32 40831                      /home/wxq/.m2/repository/log4j/log4j/1.2.17/log4j-1.2.17.jar
7f8845a7e000-7f8845a80000 r--s 0000e000 00:32 40828                      /home/wxq/.m2/repository/commons-logging/commons-logging/1.2/commons-logging-1.2.jar
7f8845a80000-7f8845a86000 r--s 00044000 00:32 40825                      /home/wxq/.m2/repository/com/github/jsqlparser/jsqlparser/0.9.4/jsqlparser-0.9.4.jar
7f8845a86000-7f8845a88000 r--s 0000e000 00:32 40822                      /home/wxq/.m2/repository/com/github/pagehelper/pagehelper/4.1.2/pagehelper-4.1.2.jar
7f8845a88000-7f8845a8a000 r--s 0000c000 00:32 40819                      /home/wxq/.m2/repository/org/mybatis/mybatis-spring/1.3.1/mybatis-spring-1.3.1.jar
7f8845a8a000-7f8845aa4000 r--s 00173000 00:32 40816                      /home/wxq/.m2/repository/org/mybatis/mybatis/3.4.5/mybatis-3.4.5.jar
7f8845aa4000-7f8845aa6000 r--s 0000e000 00:32 40813                      /home/wxq/.m2/repository/commons-pool/commons-pool/1.3/commons-pool-1.3.jar
7f8845aa6000-7f8845aa8000 r--s 0001c000 00:32 40810                      /home/wxq/.m2/repository/commons-dbcp/commons-dbcp/1.2.2/commons-dbcp-1.2.2.jar
7f8845aa8000-7f8845aaf000 r--s 0006a000 00:32 40807                      /home/wxq/.m2/repository/com/alibaba/fastjson/1.2.28/fastjson-1.2.28.jar
7f8845aaf000-7f8845ac2000 r--s 00135000 00:32 40803                      /home/wxq/.m2/repository/com/fasterxml/jackson/core/jackson-databind/2.9.5/jackson-databind-2.9.5.jar
7f8845ac2000-7f8845ac6000 r--s 0004b000 00:32 40800                      /home/wxq/.m2/repository/com/fasterxml/jackson/core/jackson-core/2.9.5/jackson-core-2.9.5.jar
7f8845ac6000-7f8845ac9000 r--s 0000e000 00:32 40797                      /home/wxq/.m2/repository/com/fasterxml/jackson/core/jackson-annotations/2.9.5/jackson-annotations-2.9.5.jar
7f8845ac9000-7f8845acb000 r--s 0000e000 00:32 40794                      /home/wxq/.m2/repository/javax/activation/activation/1.1/activation-1.1.jar
7f8845acb000-7f8845ad3000 r--s 00078000 00:32 40791                      /home/wxq/.m2/repository/javax/mail/mail/1.4.6/mail-1.4.6.jar
7f8845ad3000-7f8845aed000 r--s 001d7000 00:32 40788                      /home/wxq/.m2/repository/org/aspectj/aspectjweaver/1.9.1/aspectjweaver-1.9.1.jar
7f8845aed000-7f8845b06000 r--s 000fe000 00:32 999294                     /home/wxq/.m2/repository/org/springframework/spring-context/4.3.18.RELEASE/spring-context-4.3.18.RELEASE.jar
7f8845b06000-7f8845b14000 r--s 00086000 00:32 999298                     /home/wxq/.m2/repository/org/springframework/spring-test/4.3.18.RELEASE/spring-test-4.3.18.RELEASE.jar
7f8845b14000-7f8845b1d000 r--s 00054000 00:32 999303                     /home/wxq/.m2/repository/org/springframework/spring-aop/4.3.18.RELEASE/spring-aop-4.3.18.RELEASE.jar
7f8845b1d000-7f8845b2e000 r--s 000d0000 00:32 999262                     /home/wxq/.m2/repository/org/springframework/spring-webmvc/4.3.18.RELEASE/spring-webmvc-4.3.18.RELEASE.jar
7f8845b2e000-7f8845b31000 ---p 00000000 00:00 0 
7f8845b31000-7f8845c2f000 rw-p 00000000 00:00 0 
7f8845c2f000-7f88465ee000 r--p 00000000 00:1a 22554                      /usr/lib/locale/locale-archive
7f88465ee000-7f88465f1000 ---p 00000000 00:00 0 
7f88465f1000-7f88466ef000 rw-p 00000000 00:00 0 
7f88466ef000-7f88466f2000 ---p 00000000 00:00 0 
7f88466f2000-7f88467f0000 rw-p 00000000 00:00 0 
7f88467f0000-7f88467f1000 ---p 00000000 00:00 0 
7f88467f1000-7f8848000000 rw-p 00000000 00:00 0 
7f8848000000-7f8848021000 rw-p 00000000 00:00 0 
7f8848021000-7f884c000000 ---p 00000000 00:00 0 
7f884c000000-7f884c005000 r--s 00029000 00:32 999290                     /home/wxq/.m2/repository/org/springframework/spring-context-support/4.3.18.RELEASE/spring-context-support-4.3.18.RELEASE.jar
7f884c005000-7f884c00f000 r--s 00060000 00:32 999252                     /home/wxq/.m2/repository/org/springframework/spring-jdbc/4.3.18.RELEASE/spring-jdbc-4.3.18.RELEASE.jar
7f884c00f000-7f884c017000 r--s 0003a000 00:32 999259                     /home/wxq/.m2/repository/org/springframework/spring-tx/4.3.18.RELEASE/spring-tx-4.3.18.RELEASE.jar
7f884c017000-7f884c019000 r--s 00013000 00:32 999235                     /home/wxq/.m2/repository/org/springframework/spring-oxm/4.3.18.RELEASE/spring-oxm-4.3.18.RELEASE.jar
7f884c019000-7f884c02b000 r--s 000b9000 00:32 999278                     /home/wxq/.m2/repository/org/springframework/spring-web/4.3.18.RELEASE/spring-web-4.3.18.RELEASE.jar
7f884c02b000-7f884c042000 r--s 000fe000 00:32 999287                     /home/wxq/.m2/repository/org/springframework/spring-core/4.3.18.RELEASE/spring-core-4.3.18.RELEASE.jar
7f884c042000-7f884c050000 r--s 000ad000 00:32 999306                     /home/wxq/.m2/repository/org/springframework/spring-beans/4.3.18.RELEASE/spring-beans-4.3.18.RELEASE.jar
7f884c050000-7f884c056000 r--s 0003e000 00:32 999312                     /home/wxq/.m2/repository/org/springframework/spring-expression/4.3.18.RELEASE/spring-expression-4.3.18.RELEASE.jar
7f884c056000-7f884c05e000 r--s 000c4000 00:32 40681                      /home/wxq/.m2/repository/mysql/mysql-connector-java/5.1.22/mysql-connector-java-5.1.22.jar
7f884c05e000-7f884c060000 r--s 00000000 00:32 40677                      /home/wxq/.m2/repository/aopalliance/aopalliance/1.0/aopalliance-1.0.jar
7f884c060000-7f884c062000 r--s 00004000 00:32 1103378                    /home/wxq/.m2/repository/org/slf4j/log4j-over-slf4j/1.7.21/log4j-over-slf4j-1.7.21.jar
7f884c062000-7f884c064000 r--s 00003000 00:32 1103375                    /home/wxq/.m2/repository/org/slf4j/jcl-over-slf4j/1.7.21/jcl-over-slf4j-1.7.21.jar
7f884c064000-7f884c06e000 r--s 00069000 00:32 1103365                    /home/wxq/.m2/repository/ch/qos/logback/logback-core/1.1.7/logback-core-1.1.7.jar
7f884c06e000-7f884c075000 r--s 00044000 00:32 1103362                    /home/wxq/.m2/repository/ch/qos/logback/logback-classic/1.1.7/logback-classic-1.1.7.jar
7f884c075000-7f884c07c000 r--s 00040000 00:32 1103352                    /home/wxq/.m2/repository/cglib/cglib/2.2.2/cglib-2.2.2.jar
7f884c07c000-7f884c080000 r--s 00015000 00:32 1103346                    /home/wxq/.m2/repository/org/rococoa/rococoa-core/0.5/rococoa-core-0.5.jar
7f884c080000-7f884c085000 r--s 00229000 00:32 1103338                    /home/wxq/.m2/repository/net/sourceforge/lept4j/lept4j/1.2.3/lept4j-1.2.3.jar
7f884c085000-7f884c091000 r--s 00108000 00:32 1103335                    /home/wxq/.m2/repository/com/lowagie/itext/2.1.7/itext-2.1.7.jar
7f884c091000-7f884c09b000 r--s 00081000 00:32 1103319                    /home/wxq/.m2/repository/org/apache/xmlgraphics/xmlgraphics-commons/1.4/xmlgraphics-commons-1.4.jar
7f884c09b000-7f884c0a6000 r--s 00088000 00:32 1103341                    /home/wxq/.m2/repository/com/github/jai-imageio/jai-imageio-core/1.3.1/jai-imageio-core-1.3.1.jar
7f884c0a6000-7f884c280000 r--s 03d6b000 00:1a 251171                     /usr/java/jdk/jre/lib/rt.jar
7f884c280000-7f8850000000 rw-p 00000000 00:00 0 
7f8850000000-7f8850021000 rw-p 00000000 00:00 0 
7f8850021000-7f8854000000 ---p 00000000 00:00 0 
7f8854000000-7f8854002000 r--s 00000000 00:32 1103372                    /home/wxq/.m2/repository/org/slf4j/jul-to-slf4j/1.7.21/jul-to-slf4j-1.7.21.jar
7f8854002000-7f8854015000 r--s 00345000 00:1a 251209                     /usr/java/jdk/jre/lib/resources.jar
7f8854015000-7f8854463000 rw-p 00000000 00:00 0 
7f8854463000-7f8854464000 ---p 00000000 00:00 0 
7f8854464000-7f8854564000 rw-p 00000000 00:00 0 
7f8854564000-7f8854565000 ---p 00000000 00:00 0 
7f8854565000-7f8854665000 rw-p 00000000 00:00 0 
7f8854665000-7f8854666000 ---p 00000000 00:00 0 
7f8854666000-7f8854766000 rw-p 00000000 00:00 0 
7f8854766000-7f8854767000 ---p 00000000 00:00 0 
7f8854767000-7f88548dc000 rw-p 00000000 00:00 0 
7f88548dc000-7f8854af7000 ---p 00000000 00:00 0 
7f8854af7000-7f8854b29000 rw-p 00000000 00:00 0 
7f8854b29000-7f8854c3f000 ---p 00000000 00:00 0 
7f8854c3f000-7f8854c4e000 rw-p 00000000 00:00 0 
7f8854c4e000-7f8855000000 ---p 00000000 00:00 0 
7f8855000000-7f8855380000 rwxp 00000000 00:00 0 
7f8855380000-7f8864000000 ---p 00000000 00:00 0 
7f8864000000-7f886579f000 rw-p 00000000 00:00 0 
7f886579f000-7f8868000000 ---p 00000000 00:00 0 
7f8868000000-7f8868001000 r--s 00003000 00:32 40866                      /home/wxq/.m2/repository/org/apache/shiro/shiro-ehcache/1.3.1/shiro-ehcache-1.3.1.jar
7f8868001000-7f8868002000 r--s 0000a000 00:32 1103356                    /home/wxq/.m2/repository/asm/asm/3.3.1/asm-3.3.1.jar
7f8868002000-7f8868007000 r--s 00028000 00:32 1103321                    /home/wxq/.m2/repository/org/ghost4j/ghost4j/1.0.1/ghost4j-1.0.1.jar
7f8868007000-7f8868009000 r--s 02050000 00:32 1103323                    /home/wxq/.m2/repository/net/sourceforge/tess4j/tess4j/3.2.1/tess4j-3.2.1.jar
7f8868009000-7f886800d000 r--s 000dc000 00:32 1100990                    /home/wxq/.m2/repository/net/java/dev/jna/jna/4.1.0/jna-4.1.0.jar
7f886800d000-7f8868020000 r--s 000d6000 00:1a 251113                     /usr/java/jdk/jre/lib/plugin.jar
7f8868020000-7f886803c000 r--s 0020b000 00:1a 251089                     /usr/java/jdk/jre/lib/deploy.jar
7f886803c000-7f88680b1000 rw-p 00000000 00:00 0 
7f88680b1000-7f88682cc000 ---p 00000000 00:00 0 
7f88682cc000-7f88682e7000 r-xp 00000000 00:1a 251383                     /usr/java/jdk/jre/lib/amd64/libzip.so
7f88682e7000-7f88684e7000 ---p 0001b000 00:1a 251383                     /usr/java/jdk/jre/lib/amd64/libzip.so
7f88684e7000-7f88684e8000 rw-p 0001b000 00:1a 251383                     /usr/java/jdk/jre/lib/amd64/libzip.so
7f88684e8000-7f88684f3000 r-xp 00000000 00:1a 12750                      /lib/x86_64-linux-gnu/libnss_files-2.23.so
7f88684f3000-7f88686f2000 ---p 0000b000 00:1a 12750                      /lib/x86_64-linux-gnu/libnss_files-2.23.so
7f88686f2000-7f88686f3000 r--p 0000a000 00:1a 12750                      /lib/x86_64-linux-gnu/libnss_files-2.23.so
7f88686f3000-7f88686f4000 rw-p 0000b000 00:1a 12750                      /lib/x86_64-linux-gnu/libnss_files-2.23.so
7f88686f4000-7f88686fa000 rw-p 00000000 00:00 0 
7f88686fa000-7f8868705000 r-xp 00000000 00:1a 12760                      /lib/x86_64-linux-gnu/libnss_nis-2.23.so
7f8868705000-7f8868904000 ---p 0000b000 00:1a 12760                      /lib/x86_64-linux-gnu/libnss_nis-2.23.so
7f8868904000-7f8868905000 r--p 0000a000 00:1a 12760                      /lib/x86_64-linux-gnu/libnss_nis-2.23.so
7f8868905000-7f8868906000 rw-p 0000b000 00:1a 12760                      /lib/x86_64-linux-gnu/libnss_nis-2.23.so
7f8868906000-7f886891c000 r-xp 00000000 00:1a 12744                      /lib/x86_64-linux-gnu/libnsl-2.23.so
7f886891c000-7f8868b1b000 ---p 00016000 00:1a 12744                      /lib/x86_64-linux-gnu/libnsl-2.23.so
7f8868b1b000-7f8868b1c000 r--p 00015000 00:1a 12744                      /lib/x86_64-linux-gnu/libnsl-2.23.so
7f8868b1c000-7f8868b1d000 rw-p 00016000 00:1a 12744                      /lib/x86_64-linux-gnu/libnsl-2.23.so
7f8868b1d000-7f8868b1f000 rw-p 00000000 00:00 0 
7f8868b1f000-7f8868b27000 r-xp 00000000 00:1a 12746                      /lib/x86_64-linux-gnu/libnss_compat-2.23.so
7f8868b27000-7f8868d26000 ---p 00008000 00:1a 12746                      /lib/x86_64-linux-gnu/libnss_compat-2.23.so
7f8868d26000-7f8868d27000 r--p 00007000 00:1a 12746                      /lib/x86_64-linux-gnu/libnss_compat-2.23.so
7f8868d27000-7f8868d28000 rw-p 00008000 00:1a 12746                      /lib/x86_64-linux-gnu/libnss_compat-2.23.so
7f8868d28000-7f8868d32000 r-xp 00000000 00:1a 251392                     /usr/java/jdk/jre/lib/amd64/libinstrument.so
7f8868d32000-7f8868f31000 ---p 0000a000 00:1a 251392                     /usr/java/jdk/jre/lib/amd64/libinstrument.so
7f8868f31000-7f8868f32000 rw-p 00009000 00:1a 251392                     /usr/java/jdk/jre/lib/amd64/libinstrument.so
7f8868f32000-7f8868f5d000 r-xp 00000000 00:1a 251377                     /usr/java/jdk/jre/lib/amd64/libjava.so
7f8868f5d000-7f886915c000 ---p 0002b000 00:1a 251377                     /usr/java/jdk/jre/lib/amd64/libjava.so
7f886915c000-7f886915e000 rw-p 0002a000 00:1a 251377                     /usr/java/jdk/jre/lib/amd64/libjava.so
7f886915e000-7f886916b000 r-xp 00000000 00:1a 251382                     /usr/java/jdk/jre/lib/amd64/libverify.so
7f886916b000-7f886936b000 ---p 0000d000 00:1a 251382                     /usr/java/jdk/jre/lib/amd64/libverify.so
7f886936b000-7f886936d000 rw-p 0000d000 00:1a 251382                     /usr/java/jdk/jre/lib/amd64/libverify.so
7f886936d000-7f8869374000 r-xp 00000000 00:1a 12805                      /lib/x86_64-linux-gnu/librt-2.23.so
7f8869374000-7f8869573000 ---p 00007000 00:1a 12805                      /lib/x86_64-linux-gnu/librt-2.23.so
7f8869573000-7f8869574000 r--p 00006000 00:1a 12805                      /lib/x86_64-linux-gnu/librt-2.23.so
7f8869574000-7f8869575000 rw-p 00007000 00:1a 12805                      /lib/x86_64-linux-gnu/librt-2.23.so
7f8869575000-7f886967d000 r-xp 00000000 00:1a 12721                      /lib/x86_64-linux-gnu/libm-2.23.so
7f886967d000-7f886987c000 ---p 00108000 00:1a 12721                      /lib/x86_64-linux-gnu/libm-2.23.so
7f886987c000-7f886987d000 r--p 00107000 00:1a 12721                      /lib/x86_64-linux-gnu/libm-2.23.so
7f886987d000-7f886987e000 rw-p 00108000 00:1a 12721                      /lib/x86_64-linux-gnu/libm-2.23.so
7f886987e000-7f886a55a000 r-xp 00000000 00:1a 251359                     /usr/java/jdk/jre/lib/amd64/server/libjvm.so
7f886a55a000-7f886a75a000 ---p 00cdc000 00:1a 251359                     /usr/java/jdk/jre/lib/amd64/server/libjvm.so
7f886a75a000-7f886a834000 rw-p 00cdc000 00:1a 251359                     /usr/java/jdk/jre/lib/amd64/server/libjvm.so
7f886a834000-7f886a87f000 rw-p 00000000 00:00 0 
7f886a87f000-7f886aa3f000 r-xp 00000000 00:1a 12651                      /lib/x86_64-linux-gnu/libc-2.23.so
7f886aa3f000-7f886ac3f000 ---p 001c0000 00:1a 12651                      /lib/x86_64-linux-gnu/libc-2.23.so
7f886ac3f000-7f886ac43000 r--p 001c0000 00:1a 12651                      /lib/x86_64-linux-gnu/libc-2.23.so
7f886ac43000-7f886ac45000 rw-p 001c4000 00:1a 12651                      /lib/x86_64-linux-gnu/libc-2.23.so
7f886ac45000-7f886ac49000 rw-p 00000000 00:00 0 
7f886ac49000-7f886ac4c000 r-xp 00000000 00:1a 12675                      /lib/x86_64-linux-gnu/libdl-2.23.so
7f886ac4c000-7f886ae4b000 ---p 00003000 00:1a 12675                      /lib/x86_64-linux-gnu/libdl-2.23.so
7f886ae4b000-7f886ae4c000 r--p 00002000 00:1a 12675                      /lib/x86_64-linux-gnu/libdl-2.23.so
7f886ae4c000-7f886ae4d000 rw-p 00003000 00:1a 12675                      /lib/x86_64-linux-gnu/libdl-2.23.so
7f886ae4d000-7f886ae63000 r-xp 00000000 00:1a 251033                     /usr/java/jdk/lib/amd64/jli/libjli.so
7f886ae63000-7f886b062000 ---p 00016000 00:1a 251033                     /usr/java/jdk/lib/amd64/jli/libjli.so
7f886b062000-7f886b063000 rw-p 00015000 00:1a 251033                     /usr/java/jdk/lib/amd64/jli/libjli.so
7f886b063000-7f886b07b000 r-xp 00000000 00:1a 12797                      /lib/x86_64-linux-gnu/libpthread-2.23.so
7f886b07b000-7f886b27a000 ---p 00018000 00:1a 12797                      /lib/x86_64-linux-gnu/libpthread-2.23.so
7f886b27a000-7f886b27b000 r--p 00017000 00:1a 12797                      /lib/x86_64-linux-gnu/libpthread-2.23.so
7f886b27b000-7f886b27c000 rw-p 00018000 00:1a 12797                      /lib/x86_64-linux-gnu/libpthread-2.23.so
7f886b27c000-7f886b280000 rw-p 00000000 00:00 0 
7f886b280000-7f886b2a6000 r-xp 00000000 00:1a 12623                      /lib/x86_64-linux-gnu/ld-2.23.so
7f886b2a6000-7f886b2ab000 r--s 0009d000 00:1a 251228                     /usr/java/jdk/jre/lib/jsse.jar
7f886b2ab000-7f886b2ad000 r--s 00007000 00:1a 251405                     /usr/java/jdk/jre/lib/jfxswt.jar
7f886b2ad000-7f886b2b2000 r--s 00084000 00:1a 251088                     /usr/java/jdk/jre/lib/jfr.jar
7f886b2b2000-7f886b383000 rw-p 00000000 00:00 0 
7f886b383000-7f886b386000 ---p 00000000 00:00 0 
7f886b386000-7f886b489000 rw-p 00000000 00:00 0 
7f886b489000-7f886b48a000 r--s 00000000 00:1a 251095                     /usr/java/jdk/jre/lib/management-agent.jar
7f886b48a000-7f886b48d000 r--s 0001a000 00:1a 251403                     /usr/java/jdk/jre/lib/jce.jar
7f886b48d000-7f886b496000 r--s 0006d000 00:1a 251098                     /usr/java/jdk/jre/lib/javaws.jar
7f886b496000-7f886b49b000 r--s 002f9000 00:1a 251169                     /usr/java/jdk/jre/lib/charsets.jar
7f886b49b000-7f886b4a3000 rw-s 00000000 00:1a 811228                     /tmp/hsperfdata_wxq/12958
7f886b4a3000-7f886b4a4000 rw-p 00000000 00:00 0 
7f886b4a4000-7f886b4a5000 r--p 00000000 00:00 0 
7f886b4a5000-7f886b4a6000 r--p 00025000 00:1a 12623                      /lib/x86_64-linux-gnu/ld-2.23.so
7f886b4a6000-7f886b4a7000 rw-p 00026000 00:1a 12623                      /lib/x86_64-linux-gnu/ld-2.23.so
7f886b4a7000-7f886b4a8000 rw-p 00000000 00:00 0 
7ffd00340000-7ffd00363000 rw-p 00000000 00:00 0                          [stack]
7ffd003ea000-7ffd003ed000 r--p 00000000 00:00 0                          [vvar]
7ffd003ed000-7ffd003ef000 r-xp 00000000 00:00 0                          [vdso]
ffffffffff600000-ffffffffff601000 r-xp 00000000 00:00 0                  [vsyscall]

VM Arguments:
jvm_args: -javaagent:/home/wxq/devel/idea/lib/idea_rt.jar=39479:/home/wxq/devel/idea/bin -Dfile.encoding=UTF-8 
java_command: cn.fm.utils.TestOCR
java_class_path (initial): /usr/java/jdk/jre/lib/charsets.jar:/usr/java/jdk/jre/lib/deploy.jar:/usr/java/jdk/jre/lib/ext/cldrdata.jar:/usr/java/jdk/jre/lib/ext/dnsns.jar:/usr/java/jdk/jre/lib/ext/jaccess.jar:/usr/java/jdk/jre/lib/ext/jfxrt.jar:/usr/java/jdk/jre/lib/ext/localedata.jar:/usr/java/jdk/jre/lib/ext/nashorn.jar:/usr/java/jdk/jre/lib/ext/sunec.jar:/usr/java/jdk/jre/lib/ext/sunjce_provider.jar:/usr/java/jdk/jre/lib/ext/sunpkcs11.jar:/usr/java/jdk/jre/lib/ext/zipfs.jar:/usr/java/jdk/jre/lib/javaws.jar:/usr/java/jdk/jre/lib/jce.jar:/usr/java/jdk/jre/lib/jfr.jar:/usr/java/jdk/jre/lib/jfxswt.jar:/usr/java/jdk/jre/lib/jsse.jar:/usr/java/jdk/jre/lib/management-agent.jar:/usr/java/jdk/jre/lib/plugin.jar:/usr/java/jdk/jre/lib/resources.jar:/usr/java/jdk/jre/lib/rt.jar:/home/wxq/IdeaProjects/FileSystem/target/classes:/home/wxq/.m2/repository/net/java/dev/jna/jna/4.1.0/jna-4.1.0.jar:/home/wxq/.m2/repository/net/sourceforge/tess4j/tess4j/3.2.1/tess4j-3.2.1.jar:/home/wxq/.m2/repository/com/github/jai-imageio/jai-imageio-core/1.3.1/jai-imageio-core-1.3.1.jar:/home/wxq/.m2/repository/org/ghost4j/ghost4j/1.0.1/ghost4j-1.0.1.jar:/home/wxq/.m2/repository/org/apache/xmlgraphics/xmlgraphics-commons/1.4/xmlgraphics-commons-1.4.jar:/home/wxq/.m2/repository/com/lowagie/itext/2.1.7/itext-2.1.7.jar:/home/wxq/.m2/repository/net/sourceforge/lept4j/lept4j/1.2.3/lept4j-1.2.3.jar:/home/wxq/.m2/repository/org/rococoa/rococoa-core/0.5/rococoa-core-0.5.jar:/home/wxq/.m2/repository/cglib/cglib/2.2.2/cglib-2.2.2.jar:/home/wxq/.m2/repository/asm/asm/3.3.1/asm-3.3.1.jar:/home/wxq/.m2/repository/ch/qos/logback/logback-classic/1.1.7/logback-classic-1.1.7.jar:/home/wxq/.m2/repository/ch/qos/logback/logback-core/1.1.7/logback-core-1.1.7.jar:/home/wxq/.m2/repository/org/slf4j/jul-to-slf4j/1.7.21/jul-to-slf4j-1.7.21.jar:/home/wxq/.m2/repository/org/slf4j/jcl-over-slf4j/1.7.21/jcl-over-slf4j-1.7.21.jar:/home/wxq/.m2/repository/org/slf4j/log4j-over-slf4j/1.7.21/log4j-over-slf4j-1.7.21.jar:/home/wxq/
Launcher Type: SUN_STANDARD

Environment Variables:
JAVA_HOME=/usr/java/jdk
JRE_HOME=/usr/java/jdk/jre
CLASSPATH=/home/wxq/devel/idea/lib/bootstrap.jar:/home/wxq/devel/idea/lib/extensions.jar:/home/wxq/devel/idea/lib/util.jar:/home/wxq/devel/idea/lib/jdom.jar:/home/wxq/devel/idea/lib/log4j.jar:/home/wxq/devel/idea/lib/trove4j.jar:/home/wxq/devel/idea/lib/jna.jar:/home/wxq/devel/idea/jre64/lib/tools.jar
PATH=/home/wxq/bin:/home/wxq/.local/bin:/usr/java/jdk/bin:/usr/local/sbin:/usr/local/bin:/usr/sbin:/usr/bin:/sbin:/bin:/usr/games:/usr/local/games:/snap/bin:/home/wxq/Android/Sdk/platform-tools:/home/wxq/Android/Sdk/tools
LD_LIBRARY_PATH=/home/wxq/devel/idea/bin:
SHELL=/bin/bash
DISPLAY=:0

Signal Handlers:
SIGSEGV: [libjvm.so+0xad2a40], sa_mask[0]=11111111011111111101111111111110, sa_flags=SA_RESTART|SA_SIGINFO
SIGBUS: [libjvm.so+0xad2a40], sa_mask[0]=11111111011111111101111111111110, sa_flags=SA_RESTART|SA_SIGINFO
SIGFPE: [libjvm.so+0x92a610], sa_mask[0]=11111111011111111101111111111110, sa_flags=SA_RESTART|SA_SIGINFO
SIGPIPE: [libjvm.so+0x92a610], sa_mask[0]=11111111011111111101111111111110, sa_flags=SA_RESTART|SA_SIGINFO
SIGXFSZ: [libjvm.so+0x92a610], sa_mask[0]=11111111011111111101111111111110, sa_flags=SA_RESTART|SA_SIGINFO
SIGILL: [libjvm.so+0x92a610], sa_mask[0]=11111111011111111101111111111110, sa_flags=SA_RESTART|SA_SIGINFO
SIGUSR1: SIG_DFL, sa_mask[0]=00000000000000000000000000000000, sa_flags=none
SIGUSR2: [libjvm.so+0x92be70], sa_mask[0]=00100000000000000000000000000000, sa_flags=SA_RESTART|SA_SIGINFO
SIGHUP: [libjvm.so+0x92d270], sa_mask[0]=11111111011111111101111111111110, sa_flags=SA_RESTART|SA_SIGINFO
SIGINT: [libjvm.so+0x92d270], sa_mask[0]=11111111011111111101111111111110, sa_flags=SA_RESTART|SA_SIGINFO
SIGTERM: [libjvm.so+0x92d270], sa_mask[0]=11111111011111111101111111111110, sa_flags=SA_RESTART|SA_SIGINFO
SIGQUIT: [libjvm.so+0x92d270], sa_mask[0]=11111111011111111101111111111110, sa_flags=SA_RESTART|SA_SIGINFO


---------------  S Y S T E M  ---------------

OS:DISTRIB_ID=Ubuntu
DISTRIB_RELEASE=16.04
DISTRIB_CODENAME=xenial
DISTRIB_DESCRIPTION="Ubuntu 16.04.5 LTS"

uname:Linux 4.15.0-39-generic #42~16.04.1-Ubuntu SMP Wed Oct 24 17:09:54 UTC 2018 x86_64
libc:glibc 2.23 NPTL 2.23 
rlimit: STACK 8192k, CORE 0k, NPROC 30358, NOFILE 1048576, AS infinity
load average:1.41 1.47 1.54

/proc/meminfo:
MemTotal:        8057936 kB
MemFree:         1930828 kB
MemAvailable:    3089952 kB
Buffers:            6440 kB
Cached:          2051308 kB
SwapCached:         3872 kB
Active:          4372556 kB
Inactive:        1437952 kB
Active(anon):    3762572 kB
Inactive(anon):   690344 kB
Active(file):     609984 kB
Inactive(file):   747608 kB
Unevictable:         128 kB
Mlocked:             128 kB
SwapTotal:       8322044 kB
SwapFree:        7912700 kB
Dirty:              9576 kB
Writeback:             0 kB
AnonPages:       3749796 kB
Mapped:           643352 kB
Shmem:            700152 kB
Slab:             129684 kB
SReclaimable:      54376 kB
SUnreclaim:        75308 kB
KernelStack:       15776 kB
PageTables:        68904 kB
NFS_Unstable:          0 kB
Bounce:                0 kB
WritebackTmp:          0 kB
CommitLimit:    12351012 kB
Committed_AS:   13827712 kB
VmallocTotal:   34359738367 kB
VmallocUsed:           0 kB
VmallocChunk:          0 kB
HardwareCorrupted:     0 kB
AnonHugePages:         0 kB
ShmemHugePages:        0 kB
ShmemPmdMapped:        0 kB
CmaTotal:              0 kB
CmaFree:               0 kB
HugePages_Total:       0
HugePages_Free:        0
HugePages_Rsvd:        0
HugePages_Surp:        0
Hugepagesize:       2048 kB
DirectMap4k:      389420 kB
DirectMap2M:     6840320 kB
DirectMap1G:     2097152 kB


CPU:total 4 (initial active 4) (2 cores per cpu, 2 threads per core) family 6 model 78 stepping 3, cmov, cx8, fxsr, mmx, sse, sse2, sse3, ssse3, sse4.1, sse4.2, popcnt, avx, avx2, aes, clmul, erms, 3dnowpref, lzcnt, ht, tsc, tscinvbit, bmi1, bmi2, adx

/proc/cpuinfo:
processor	: 0
vendor_id	: GenuineIntel
cpu family	: 6
model		: 78
model name	: Intel(R) Core(TM) i5-6200U CPU @ 2.30GHz
stepping	: 3
microcode	: 0xc6
cpu MHz		: 2756.471
cache size	: 3072 KB
physical id	: 0
siblings	: 4
core id		: 0
cpu cores	: 2
apicid		: 0
initial apicid	: 0
fpu		: yes
fpu_exception	: yes
cpuid level	: 22
wp		: yes
flags		: fpu vme de pse tsc msr pae mce cx8 apic sep mtrr pge mca cmov pat pse36 clflush dts acpi mmx fxsr sse sse2 ss ht tm pbe syscall nx pdpe1gb rdtscp lm constant_tsc art arch_perfmon pebs bts rep_good nopl xtopology nonstop_tsc cpuid aperfmperf tsc_known_freq pni pclmulqdq dtes64 monitor ds_cpl vmx est tm2 ssse3 sdbg fma cx16 xtpr pdcm pcid sse4_1 sse4_2 x2apic movbe popcnt tsc_deadline_timer aes xsave avx f16c rdrand lahf_lm abm 3dnowprefetch cpuid_fault epb invpcid_single pti ssbd ibrs ibpb stibp tpr_shadow vnmi flexpriority ept vpid fsgsbase tsc_adjust bmi1 avx2 smep bmi2 erms invpcid mpx rdseed adx smap clflushopt intel_pt xsaveopt xsavec xgetbv1 xsaves dtherm ida arat pln pts hwp hwp_notify hwp_act_window hwp_epp flush_l1d
bugs		: cpu_meltdown spectre_v1 spectre_v2 spec_store_bypass l1tf
bogomips	: 4800.00
clflush size	: 64
cache_alignment	: 64
address sizes	: 39 bits physical, 48 bits virtual
power management:

processor	: 1
vendor_id	: GenuineIntel
cpu family	: 6
model		: 78
model name	: Intel(R) Core(TM) i5-6200U CPU @ 2.30GHz
stepping	: 3
microcode	: 0xc6
cpu MHz		: 2773.432
cache size	: 3072 KB
physical id	: 0
siblings	: 4
core id		: 1
cpu cores	: 2
apicid		: 2
initial apicid	: 2
fpu		: yes
fpu_exception	: yes
cpuid level	: 22
wp		: yes
flags		: fpu vme de pse tsc msr pae mce cx8 apic sep mtrr pge mca cmov pat pse36 clflush dts acpi mmx fxsr sse sse2 ss ht tm pbe syscall nx pdpe1gb rdtscp lm constant_tsc art arch_perfmon pebs bts rep_good nopl xtopology nonstop_tsc cpuid aperfmperf tsc_known_freq pni pclmulqdq dtes64 monitor ds_cpl vmx est tm2 ssse3 sdbg fma cx16 xtpr pdcm pcid sse4_1 sse4_2 x2apic movbe popcnt tsc_deadline_timer aes xsave avx f16c rdrand lahf_lm abm 3dnowprefetch cpuid_fault epb invpcid_single pti ssbd ibrs ibpb stibp tpr_shadow vnmi flexpriority ept vpid fsgsbase tsc_adjust bmi1 avx2 smep bmi2 erms invpcid mpx rdseed adx smap clflushopt intel_pt xsaveopt xsavec xgetbv1 xsaves dtherm ida arat pln pts hwp hwp_notify hwp_act_window hwp_epp flush_l1d
bugs		: cpu_meltdown spectre_v1 spectre_v2 spec_store_bypass l1tf
bogomips	: 4800.00
clflush size	: 64
cache_alignment	: 64
address sizes	: 39 bits physical, 48 bits virtual
power management:

processor	: 2
vendor_id	: GenuineIntel
cpu family	: 6
model		: 78
model name	: Intel(R) Core(TM) i5-6200U CPU @ 2.30GHz
stepping	: 3
microcode	: 0xc6
cpu MHz		: 2714.234
cache size	: 3072 KB
physical id	: 0
siblings	: 4
core id		: 0
cpu cores	: 2
apicid		: 1
initial apicid	: 1
fpu		: yes
fpu_exception	: yes
cpuid level	: 22
wp		: yes
flags		: fpu vme de pse tsc msr pae mce cx8 apic sep mtrr pge mca cmov pat pse36 clflush dts acpi mmx fxsr sse sse2 ss ht tm pbe syscall nx pdpe1gb rdtscp lm constant_tsc art arch_perfmon pebs bts rep_good nopl xtopology nonstop_tsc cpuid aperfmperf tsc_known_freq pni pclmulqdq dtes64 monitor ds_cpl vmx est tm2 ssse3 sdbg fma cx16 xtpr pdcm pcid sse4_1 sse4_2 x2apic movbe popcnt tsc_deadline_timer aes xsave avx f16c rdrand lahf_lm abm 3dnowprefetch cpuid_fault epb invpcid_single pti ssbd ibrs ibpb stibp tpr_shadow vnmi flexpriority ept vpid fsgsbase tsc_adjust bmi1 avx2 smep bmi2 erms invpcid mpx rdseed adx smap clflushopt intel_pt xsaveopt xsavec xgetbv1 xsaves dtherm ida arat pln pts hwp hwp_notify hwp_act_window hwp_epp flush_l1d
bugs		: cpu_meltdown spectre_v1 spectre_v2 spec_store_bypass l1tf
bogomips	: 4800.00
clflush size	: 64
cache_alignment	: 64
address sizes	: 39 bits physical, 48 bits virtual
power management:

processor	: 3
vendor_id	: GenuineIntel
cpu family	: 6
model		: 78
model name	: Intel(R) Core(TM) i5-6200U CPU @ 2.30GHz
stepping	: 3
microcode	: 0xc6
cpu MHz		: 2746.504
cache size	: 3072 KB
physical id	: 0
siblings	: 4
core id		: 1
cpu cores	: 2
apicid		: 3
initial apicid	: 3
fpu		: yes
fpu_exception	: yes
cpuid level	: 22
wp		: yes
flags		: fpu vme de pse tsc msr pae mce cx8 apic sep mtrr pge mca cmov pat pse36 clflush dts acpi mmx fxsr sse sse2 ss ht tm pbe syscall nx pdpe1gb rdtscp lm constant_tsc art arch_perfmon pebs bts rep_good nopl xtopology nonstop_tsc cpuid aperfmperf tsc_known_freq pni pclmulqdq dtes64 monitor ds_cpl vmx est tm2 ssse3 sdbg fma cx16 xtpr pdcm pcid sse4_1 sse4_2 x2apic movbe popcnt tsc_deadline_timer aes xsave avx f16c rdrand lahf_lm abm 3dnowprefetch cpuid_fault epb invpcid_single pti ssbd ibrs ibpb stibp tpr_shadow vnmi flexpriority ept vpid fsgsbase tsc_adjust bmi1 avx2 smep bmi2 erms invpcid mpx rdseed adx smap clflushopt intel_pt xsaveopt xsavec xgetbv1 xsaves dtherm ida arat pln pts hwp hwp_notify hwp_act_window hwp_epp flush_l1d
bugs		: cpu_meltdown spectre_v1 spectre_v2 spec_store_bypass l1tf
bogomips	: 4800.00
clflush size	: 64
cache_alignment	: 64
address sizes	: 39 bits physical, 48 bits virtual
power management:



Memory: 4k page, physical 8057936k(1930828k free), swap 8322044k(7912700k free)

vm_info: Java HotSpot(TM) 64-Bit Server VM (25.181-b13) for linux-amd64 JRE (1.8.0_181-b13), built on Jul  7 2018 00:56:38 by "java_re" with gcc 4.3.0 20080428 (Red Hat 4.3.0-8)

time: Wed Dec  5 20:28:06 2018
elapsed time: 2 seconds (0d 0h 0m 2s)

