#
# A fatal error has been detected by the Java Runtime Environment:
#
#  SIGSEGV (0xb) at pc=0x00007fc4706fadb7, pid=24123, tid=0x00007fc4b7c97700
#
# JRE version: Java(TM) SE Runtime Environment (8.0_181-b13) (build 1.8.0_181-b13)
# Java VM: Java HotSpot(TM) 64-Bit Server VM (25.181-b13 mixed mode linux-amd64 compressed oops)
# Problematic frame:
# C  [libtesseract.so+0xbcdb7]  tesseract::Tesseract::recog_all_words(PAGE_RES*, ETEXT_DESC*, TBOX const*, char const*, int)+0x5e7
#
# Failed to write core dump. Core dumps have been disabled. To enable core dumping, try "ulimit -c unlimited" before starting Java again
#
# If you would like to submit a bug report, please visit:
#   http://bugreport.java.com/bugreport/crash.jsp
# The crash happened outside the Java Virtual Machine in native code.
# See problematic frame for where to report the bug.
#

---------------  T H R E A D  ---------------

Current thread (0x00007fc4b000e800):  JavaThread "main" [_thread_in_native, id=24125, stack(0x00007fc4b7b97000,0x00007fc4b7c98000)]

siginfo: si_signo: 11 (SIGSEGV), si_code: 1 (SEGV_MAPERR), si_addr: 0x000000000000000c

Registers:
RAX=0x0000000000000000, RBX=0x00007fc4b7c95720, RCX=0x0000000000000000, RDX=0x0000000000000000
RSP=0x00007fc4b7c956d0, RBP=0x00007fc4b09d3560, RSI=0x0000000000000000, RDI=0x00007fc4b7c957e0
R8 =0x0000000000000000, R9 =0x0000000000000000, R10=0x0000000000001202, R11=0x00007fc47086f6d0
R12=0x00007fc4b0a44790, R13=0x0000000000000000, R14=0x0000000000000000, R15=0x00007fc4b0a44790
RIP=0x00007fc4706fadb7, EFLAGS=0x0000000000010246, CSGSFS=0x002b000000000033, ERR=0x0000000000000004
  TRAPNO=0x000000000000000e

Top of Stack: (sp=0x00007fc4b7c956d0)
0x00007fc4b7c956d0:   0000000000000000 0000000000000000
0x00007fc4b7c956e0:   0000000000000000 0000000000000000
0x00007fc4b7c956f0:   0000000000000000 0000000000000000
0x00007fc4b7c95700:   0000000000ff0000 0000000000000000
0x00007fc4b7c95710:   0000000000000000 0000000000000000
0x00007fc4b7c95720:   00007fc4b0a44790 0000000000000000
0x00007fc4b7c95730:   0000000000000000 0000000000000000
0x00007fc4b7c95740:   00007fc4b0a67400 00007fc4b0a55370
0x00007fc4b7c95750:   00007fc4b0a54ba0 00007fc4b0a55400
0x00007fc4b7c95760:   00007fc4b0a55370 00007fc4b0a54ba0
0x00007fc4b7c95770:   00007fc4b0a44798 00007fc4b0a54ba0
0x00007fc4b7c95780:   00007fc4b0a54ba0 00007fc4b0a54ba0
0x00007fc4b7c95790:   0000000000000000 00007fc4b0a54ba0
0x00007fc4b7c957a0:   0000000000000000 00007fc4b0a54bc8
0x00007fc4b7c957b0:   00007fc4b0a5ff20 00007fc4b0a55370
0x00007fc4b7c957c0:   00007fc4b0a41870 00007fc4b09d0000
0x00007fc4b7c957d0:   00007fc4b0a55370 00007fc4b0a44700
0x00007fc4b7c957e0:   00007fc4b0a55390 00007fc4b0a55400
0x00007fc4b7c957f0:   00007fc4b0a42610 00007fc4b0a55640
0x00007fc4b7c95800:   0000000000000000 00007fc4b0a67400
0x00007fc4b7c95810:   0000000000000001 d54177f0fdbb5800
0x00007fc4b7c95820:   00007fc4b09d3560 00007fc4b09d1c40
0x00007fc4b7c95830:   00007fc4b7c958b0 00000000ffffffff
0x00007fc4b7c95840:   0000000000000000 00007fc4b0a44790
0x00007fc4b7c95850:   00007fc4b0a44790 00007fc4706e5615
0x00007fc4b7c95860:   0000000000000000 00007fc49c39e700
0x00007fc4b7c95870:   0000000000000001 d54177f0fdbb5800
0x00007fc4b7c95880:   00007fc4b09d1c40 00007fc4b09d1c40
0x00007fc4b7c95890:   0000000000000001 0000000000000000
0x00007fc4b7c958a0:   0000000000000001 00007fc4b7c962f0
0x00007fc4b7c958b0:   00007fc4b7c95900 00007fc4706e68cc
0x00007fc4b7c958c0:   00007fc4b09d1c40 d54177f0fdbb5800 

Instructions: (pc=0x00007fc4706fadb7)
0x00007fc4706fad97:   65 fd ff 41 83 fe 01 0f 84 ec fb ff ff e9 b9 fa
0x00007fc4706fada7:   ff ff 0f 1f 80 00 00 00 00 48 8b 85 10 0b 00 00
0x00007fc4706fadb7:   80 78 0c 00 0f 84 9f fd ff ff 48 89 ef e8 17 63
0x00007fc4706fadc7:   fd ff e9 92 fd ff ff 4c 89 e6 48 89 ef e8 47 46 

Register to memory mapping:

RAX=0x0000000000000000 is an unknown value
RBX=0x00007fc4b7c95720 is pointing into the stack for thread: 0x00007fc4b000e800
RCX=0x0000000000000000 is an unknown value
RDX=0x0000000000000000 is an unknown value
RSP=0x00007fc4b7c956d0 is pointing into the stack for thread: 0x00007fc4b000e800
RBP=0x00007fc4b09d3560 is an unknown value
RSI=0x0000000000000000 is an unknown value
RDI=0x00007fc4b7c957e0 is pointing into the stack for thread: 0x00007fc4b000e800
R8 =0x0000000000000000 is an unknown value
R9 =0x0000000000000000 is an unknown value
R10=0x0000000000001202 is an unknown value
R11=0x00007fc47086f6d0: _ZN11PAGE_RES_IT16internal_forwardEbb+0 in /usr/local/lib/libtesseract.so at 0x00007fc47063e000
R12=0x00007fc4b0a44790 is an unknown value
R13=0x0000000000000000 is an unknown value
R14=0x0000000000000000 is an unknown value
R15=0x00007fc4b0a44790 is an unknown value


Stack: [0x00007fc4b7b97000,0x00007fc4b7c98000],  sp=0x00007fc4b7c956d0,  free space=1017k
Native frames: (J=compiled Java code, j=interpreted, Vv=VM code, C=native code)
C  [libtesseract.so+0xbcdb7]  tesseract::Tesseract::recog_all_words(PAGE_RES*, ETEXT_DESC*, TBOX const*, char const*, int)+0x5e7

Java frames: (J=compiled Java code, j=interpreted, Vv=VM code)
j  com.sun.jna.Native.invokePointer(JI[Ljava/lang/Object;)J+0
j  com.sun.jna.Function.invokePointer(I[Ljava/lang/Object;)Lcom/sun/jna/Pointer;+6
j  com.sun.jna.Function.invoke([Ljava/lang/Object;Ljava/lang/Class;Z)Ljava/lang/Object;+426
j  com.sun.jna.Function.invoke(Ljava/lang/Class;[Ljava/lang/Object;Ljava/util/Map;)Ljava/lang/Object;+262
j  com.sun.jna.Library$Handler.invoke(Ljava/lang/Object;Ljava/lang/reflect/Method;[Ljava/lang/Object;)Ljava/lang/Object;+316
j  com.sun.proxy.$Proxy0.TessBaseAPIGetUTF8Text(Lnet/sourceforge/tess4j/ITessAPI$TessBaseAPI;)Lcom/sun/jna/Pointer;+16
j  net.sourceforge.tess4j.Tesseract.getOCRText(Ljava/lang/String;I)Ljava/lang/String;+62
j  net.sourceforge.tess4j.Tesseract.doOCR(Ljava/util/List;Ljava/lang/String;Ljava/awt/Rectangle;)Ljava/lang/String;+69
j  net.sourceforge.tess4j.Tesseract.doOCR(Ljava/io/File;Ljava/awt/Rectangle;)Ljava/lang/String;+10
j  net.sourceforge.tess4j.Tesseract.doOCR(Ljava/io/File;)Ljava/lang/String;+3
j  cn.fm.utils.TestOCR.main([Ljava/lang/String;)V+38
v  ~StubRoutines::call_stub

---------------  P R O C E S S  ---------------

Java Threads: ( => current thread )
  0x00007fc4b072c000 JavaThread "Java2D Disposer" daemon [_thread_blocked, id=24154, stack(0x00007fc470efe000,0x00007fc470fff000)]
  0x00007fc4b051b000 JavaThread "Service Thread" daemon [_thread_blocked, id=24147, stack(0x00007fc48dabe000,0x00007fc48dbbf000)]
  0x00007fc4b0518000 JavaThread "C1 CompilerThread2" daemon [_thread_blocked, id=24146, stack(0x00007fc48dbbf000,0x00007fc48dcc0000)]
  0x00007fc4b0515000 JavaThread "C2 CompilerThread1" daemon [_thread_blocked, id=24145, stack(0x00007fc48dcc0000,0x00007fc48ddc1000)]
  0x00007fc4b0513800 JavaThread "C2 CompilerThread0" daemon [_thread_blocked, id=24144, stack(0x00007fc48dfd8000,0x00007fc48e0d9000)]
  0x00007fc4b0512000 JavaThread "Monitor Ctrl-Break" daemon [_thread_in_native, id=24143, stack(0x00007fc48e0d9000,0x00007fc48e1da000)]
  0x00007fc4b0183000 JavaThread "Signal Dispatcher" daemon [_thread_blocked, id=24142, stack(0x00007fc48e32e000,0x00007fc48e42f000)]
  0x00007fc4b0150000 JavaThread "Finalizer" daemon [_thread_blocked, id=24135, stack(0x00007fc48edee000,0x00007fc48eeef000)]
  0x00007fc4b014d800 JavaThread "Reference Handler" daemon [_thread_blocked, id=24134, stack(0x00007fc48eeef000,0x00007fc48eff0000)]
=>0x00007fc4b000e800 JavaThread "main" [_thread_in_native, id=24125, stack(0x00007fc4b7b97000,0x00007fc4b7c98000)]

Other Threads:
  0x00007fc4b0143800 VMThread [stack: 0x00007fc48eff0000,0x00007fc48f0f1000] [id=24132]
  0x00007fc4b0520800 WatcherThread [stack: 0x00007fc48d9bd000,0x00007fc48dabe000] [id=24148]

VM state:not at safepoint (normal execution)

VM Mutex/Monitor currently owned by a thread: None

Heap:
 PSYoungGen      total 36864K, used 30057K [0x00000000d7000000, 0x00000000d9900000, 0x0000000100000000)
  eden space 31744K, 94% used [0x00000000d7000000,0x00000000d8d5a4d0,0x00000000d8f00000)
  from space 5120K, 0% used [0x00000000d9400000,0x00000000d9400000,0x00000000d9900000)
  to   space 5120K, 0% used [0x00000000d8f00000,0x00000000d8f00000,0x00000000d9400000)
 ParOldGen       total 84992K, used 0K [0x0000000085000000, 0x000000008a300000, 0x00000000d7000000)
  object space 84992K, 0% used [0x0000000085000000,0x0000000085000000,0x000000008a300000)
 Metaspace       used 11064K, capacity 11260K, committed 11392K, reserved 1058816K
  class space    used 1357K, capacity 1408K, committed 1408K, reserved 1048576K

Card table byte_map: [0x00007fc4b4345000,0x00007fc4b471e000] byte_map_base: 0x00007fc4b3f1d000

Marking Bits: (ParMarkBitMap*) 0x00007fc4b70640a0
 Begin Bits: [0x00007fc49ce7c000, 0x00007fc49ed3c000)
 End Bits:   [0x00007fc49ed3c000, 0x00007fc4a0bfc000)

Polling page: 0x00007fc4b7cb6000

CodeCache: size=245760Kb used=2918Kb max_used=2918Kb free=242841Kb
 bounds [0x00007fc4a1000000, 0x00007fc4a12e0000, 0x00007fc4b0000000]
 total_blobs=1069 nmethods=692 adapters=291
 compilation: enabled

Compilation events (10 events):
Event: 1.111 Thread 0x00007fc4b0518000  688  s    3       java.util.Stack::peek (25 bytes)
Event: 1.111 Thread 0x00007fc4b0518000 nmethod 688 0x00007fc4a12d7f10 code [0x00007fc4a12d80a0, 0x00007fc4a12d86d8]
Event: 1.111 Thread 0x00007fc4b0518000  689  s    3       java.io.ByteArrayOutputStream::write (66 bytes)
Event: 1.112 Thread 0x00007fc4b0518000 nmethod 689 0x00007fc4a12d8850 code [0x00007fc4a12d8a00, 0x00007fc4a12d9068]
Event: 1.114 Thread 0x00007fc4b0518000  690       3       sun.reflect.ClassFileAssembler::emitShort (24 bytes)
Event: 1.115 Thread 0x00007fc4b0518000 nmethod 690 0x00007fc4a12d94d0 code [0x00007fc4a12d9660, 0x00007fc4a12d9998]
Event: 1.115 Thread 0x00007fc4b0518000  691       3       java.lang.StringBuilder::append (8 bytes)
Event: 1.115 Thread 0x00007fc4b0518000 nmethod 691 0x00007fc4a12d9b90 code [0x00007fc4a12d9d00, 0x00007fc4a12d9e88]
Event: 1.115 Thread 0x00007fc4b0518000  692       3       java.lang.AbstractStringBuilder::append (62 bytes)
Event: 1.116 Thread 0x00007fc4b0518000 nmethod 692 0x00007fc4a12d9f10 code [0x00007fc4a12da120, 0x00007fc4a12daa38]

GC Heap History (0 events):
No events

Deoptimization events (5 events):
Event: 0.555 Thread 0x00007fc4b000e800 Uncommon trap: reason=unstable_if action=reinterpret pc=0x00007fc4a11b1044 method=sun.misc.MetaIndex.mayContain(Ljava/lang/String;)Z @ 38
Event: 0.556 Thread 0x00007fc4b000e800 Uncommon trap: reason=unstable_if action=reinterpret pc=0x00007fc4a11982f8 method=sun.misc.MetaIndex.mayContain(Ljava/lang/String;)Z @ 38
Event: 0.571 Thread 0x00007fc4b000e800 Uncommon trap: reason=unstable_if action=reinterpret pc=0x00007fc4a119b660 method=java.lang.String.replace(CC)Ljava/lang/String; @ 26
Event: 1.051 Thread 0x00007fc4b000e800 Uncommon trap: reason=unstable_if action=reinterpret pc=0x00007fc4a12b19c0 method=java.util.HashMap.getNode(ILjava/lang/Object;)Ljava/util/HashMap$Node; @ 62
Event: 1.052 Thread 0x00007fc4b000e800 Uncommon trap: reason=unstable_if action=reinterpret pc=0x00007fc4a127d758 method=java.util.HashMap.getNode(ILjava/lang/Object;)Ljava/util/HashMap$Node; @ 62

Classes redefined (0 events):
No events

Internal exceptions (10 events):
Event: 0.052 Thread 0x00007fc4b000e800 Exception <a 'java/lang/NoSuchMethodError': Method sun.misc.Unsafe.prefetchRead(Ljava/lang/Object;J)V name or signature does not match> (0x00000000d7007f98) thrown at [/HUDSON/workspace/8-2-build-linux-amd64/jdk8u181/11358/hotspot/src/share/vm/prims/jni.c
Event: 0.239 Thread 0x00007fc4b000e800 Exception <a 'java/security/PrivilegedActionException'> (0x00000000d7473c18) thrown at [/HUDSON/workspace/8-2-build-linux-amd64/jdk8u181/11358/hotspot/src/share/vm/prims/jvm.cpp, line 1435]
Event: 0.239 Thread 0x00007fc4b000e800 Exception <a 'java/security/PrivilegedActionException'> (0x00000000d7473e28) thrown at [/HUDSON/workspace/8-2-build-linux-amd64/jdk8u181/11358/hotspot/src/share/vm/prims/jvm.cpp, line 1435]
Event: 0.239 Thread 0x00007fc4b000e800 Exception <a 'java/security/PrivilegedActionException'> (0x00000000d7475cf0) thrown at [/HUDSON/workspace/8-2-build-linux-amd64/jdk8u181/11358/hotspot/src/share/vm/prims/jvm.cpp, line 1435]
Event: 0.239 Thread 0x00007fc4b000e800 Exception <a 'java/security/PrivilegedActionException'> (0x00000000d7475f00) thrown at [/HUDSON/workspace/8-2-build-linux-amd64/jdk8u181/11358/hotspot/src/share/vm/prims/jvm.cpp, line 1435]
Event: 0.277 Thread 0x00007fc4b000e800 Exception <a 'java/io/FileNotFoundException'> (0x00000000d76224a0) thrown at [/HUDSON/workspace/8-2-build-linux-amd64/jdk8u181/11358/hotspot/src/share/vm/prims/jni.cpp, line 709]
Event: 0.661 Thread 0x00007fc4b000e800 Exception <a 'java/lang/NoSuchFieldError': method resolution failed> (0x00000000d7fe4c18) thrown at [/HUDSON/workspace/8-2-build-linux-amd64/jdk8u181/11358/hotspot/src/share/vm/prims/methodHandles.cpp, line 1167]
Event: 0.662 Thread 0x00007fc4b000e800 Exception <a 'java/lang/NoSuchFieldError': method resolution failed> (0x00000000d7ff2ba8) thrown at [/HUDSON/workspace/8-2-build-linux-amd64/jdk8u181/11358/hotspot/src/share/vm/prims/methodHandles.cpp, line 1167]
Event: 0.697 Thread 0x00007fc4b000e800 Exception <a 'java/io/FileNotFoundException'> (0x00000000d8090540) thrown at [/HUDSON/workspace/8-2-build-linux-amd64/jdk8u181/11358/hotspot/src/share/vm/prims/jni.cpp, line 709]
Event: 0.697 Thread 0x00007fc4b000e800 Exception <a 'java/io/FileNotFoundException'> (0x00000000d8090de8) thrown at [/HUDSON/workspace/8-2-build-linux-amd64/jdk8u181/11358/hotspot/src/share/vm/prims/jni.cpp, line 709]

Events (10 events):
Event: 1.109 loading class javax/imageio/ImageIO$CanDecodeInputFilter
Event: 1.109 loading class javax/imageio/ImageIO$CanDecodeInputFilter done
Event: 1.110 loading class com/github/jaiimageio/stream/RawImageInputStream
Event: 1.110 loading class com/github/jaiimageio/stream/RawImageInputStream done
Event: 1.112 loading class java/nio/DirectByteBuffer$Deallocator
Event: 1.112 loading class java/nio/DirectByteBuffer$Deallocator done
Event: 1.112 loading class java/lang/StrictMath
Event: 1.112 loading class java/lang/StrictMath done
Event: 1.112 loading class com/sun/jna/Native$Buffers
Event: 1.112 loading class com/sun/jna/Native$Buffers done


Dynamic libraries:
00400000-00401000 r-xp 00000000 00:1a 249670                             /usr/java/jdk/bin/java
00600000-00601000 rw-p 00000000 00:1a 249670                             /usr/java/jdk/bin/java
01b80000-01ba1000 rw-p 00000000 00:00 0                                  [heap]
85000000-8a300000 rw-p 00000000 00:00 0 
8a300000-d7000000 ---p 00000000 00:00 0 
d7000000-d9900000 rw-p 00000000 00:00 0 
d9900000-100000000 ---p 00000000 00:00 0 
100000000-100160000 rw-p 00000000 00:00 0 
100160000-140000000 ---p 00000000 00:00 0 
7fc454000000-7fc454021000 rw-p 00000000 00:00 0 
7fc454021000-7fc458000000 ---p 00000000 00:00 0 
7fc45ad31000-7fc45ad42000 r-xp 00000000 00:1a 251390                     /usr/java/jdk/jre/lib/amd64/libnio.so
7fc45ad42000-7fc45af41000 ---p 00011000 00:1a 251390                     /usr/java/jdk/jre/lib/amd64/libnio.so
7fc45af41000-7fc45af42000 rw-p 00010000 00:1a 251390                     /usr/java/jdk/jre/lib/amd64/libnio.so
7fc45af42000-7fc45af4d000 r-xp 00000000 00:1a 29257                      /usr/lib/x86_64-linux-gnu/libjbig.so.0
7fc45af4d000-7fc45b14c000 ---p 0000b000 00:1a 29257                      /usr/lib/x86_64-linux-gnu/libjbig.so.0
7fc45b14c000-7fc45b14d000 r--p 0000a000 00:1a 29257                      /usr/lib/x86_64-linux-gnu/libjbig.so.0
7fc45b14d000-7fc45b150000 rw-p 0000b000 00:1a 29257                      /usr/lib/x86_64-linux-gnu/libjbig.so.0
7fc45b150000-7fc45b171000 r-xp 00000000 00:1a 12718                      /lib/x86_64-linux-gnu/liblzma.so.5.0.0
7fc45b171000-7fc45b370000 ---p 00021000 00:1a 12718                      /lib/x86_64-linux-gnu/liblzma.so.5.0.0
7fc45b370000-7fc45b371000 r--p 00020000 00:1a 12718                      /lib/x86_64-linux-gnu/liblzma.so.5.0.0
7fc45b371000-7fc45b372000 rw-p 00021000 00:1a 12718                      /lib/x86_64-linux-gnu/liblzma.so.5.0.0
7fc45b372000-7fc45b3e3000 r-xp 00000000 00:1a 29714                      /usr/lib/x86_64-linux-gnu/libtiff.so.5.2.4
7fc45b3e3000-7fc45b5e2000 ---p 00071000 00:1a 29714                      /usr/lib/x86_64-linux-gnu/libtiff.so.5.2.4
7fc45b5e2000-7fc45b5e3000 r--p 00070000 00:1a 29714                      /usr/lib/x86_64-linux-gnu/libtiff.so.5.2.4
7fc45b5e3000-7fc45b5e6000 rw-p 00071000 00:1a 29714                      /usr/lib/x86_64-linux-gnu/libtiff.so.5.2.4
7fc45b5e6000-7fc45b63d000 r-xp 00000000 00:1a 29261                      /usr/lib/x86_64-linux-gnu/libjpeg.so.8.0.2
7fc45b63d000-7fc45b83d000 ---p 00057000 00:1a 29261                      /usr/lib/x86_64-linux-gnu/libjpeg.so.8.0.2
7fc45b83d000-7fc45b83e000 r--p 00057000 00:1a 29261                      /usr/lib/x86_64-linux-gnu/libjpeg.so.8.0.2
7fc45b83e000-7fc45b83f000 rw-p 00058000 00:1a 29261                      /usr/lib/x86_64-linux-gnu/libjpeg.so.8.0.2
7fc45b83f000-7fc45b863000 r-xp 00000000 00:1a 12792                      /lib/x86_64-linux-gnu/libpng12.so.0.54.0
7fc45b863000-7fc45ba62000 ---p 00024000 00:1a 12792                      /lib/x86_64-linux-gnu/libpng12.so.0.54.0
7fc45ba62000-7fc45ba63000 r--p 00023000 00:1a 12792                      /lib/x86_64-linux-gnu/libpng12.so.0.54.0
7fc45ba63000-7fc45ba64000 rw-p 00024000 00:1a 12792                      /lib/x86_64-linux-gnu/libpng12.so.0.54.0
7fc45ba64000-7fc45ba7d000 r-xp 00000000 00:1a 12842                      /lib/x86_64-linux-gnu/libz.so.1.2.8
7fc45ba7d000-7fc45bc7c000 ---p 00019000 00:1a 12842                      /lib/x86_64-linux-gnu/libz.so.1.2.8
7fc45bc7c000-7fc45bc7d000 r--p 00018000 00:1a 12842                      /lib/x86_64-linux-gnu/libz.so.1.2.8
7fc45bc7d000-7fc45bc7e000 rw-p 00019000 00:1a 12842                      /lib/x86_64-linux-gnu/libz.so.1.2.8
7fc45bc7e000-7fc45bdf0000 r-xp 00000000 00:1a 29682                      /usr/lib/x86_64-linux-gnu/libstdc++.so.6.0.21
7fc45bdf0000-7fc45bff0000 ---p 00172000 00:1a 29682                      /usr/lib/x86_64-linux-gnu/libstdc++.so.6.0.21
7fc45bff0000-7fc45bffa000 r--p 00172000 00:1a 29682                      /usr/lib/x86_64-linux-gnu/libstdc++.so.6.0.21
7fc45bffa000-7fc45bffc000 rw-p 0017c000 00:1a 29682                      /usr/lib/x86_64-linux-gnu/libstdc++.so.6.0.21
7fc45bffc000-7fc45c000000 rw-p 00000000 00:00 0 
7fc45c000000-7fc45c021000 rw-p 00000000 00:00 0 
7fc45c021000-7fc460000000 ---p 00000000 00:00 0 
7fc460000000-7fc460021000 rw-p 00000000 00:00 0 
7fc460021000-7fc464000000 ---p 00000000 00:00 0 
7fc464000000-7fc464234000 rw-p 00000000 00:00 0 
7fc464234000-7fc468000000 ---p 00000000 00:00 0 
7fc468000000-7fc468217000 rw-p 00000000 00:00 0 
7fc468217000-7fc46c000000 ---p 00000000 00:00 0 
7fc46c000000-7fc46c1c5000 rw-p 00000000 00:00 0 
7fc46c1c5000-7fc470000000 ---p 00000000 00:00 0 
7fc470005000-7fc47001b000 r-xp 00000000 00:1a 12689                      /lib/x86_64-linux-gnu/libgcc_s.so.1
7fc47001b000-7fc47021a000 ---p 00016000 00:1a 12689                      /lib/x86_64-linux-gnu/libgcc_s.so.1
7fc47021a000-7fc47021b000 rw-p 00015000 00:1a 12689                      /lib/x86_64-linux-gnu/libgcc_s.so.1
7fc47021b000-7fc470434000 r-xp 00000000 00:1a 634390                     /usr/local/lib/liblept.so.4.0.2
7fc470434000-7fc470634000 ---p 00219000 00:1a 634390                     /usr/local/lib/liblept.so.4.0.2
7fc470634000-7fc470635000 r--p 00219000 00:1a 634390                     /usr/local/lib/liblept.so.4.0.2
7fc470635000-7fc47063e000 rw-p 0021a000 00:1a 634390                     /usr/local/lib/liblept.so.4.0.2
7fc47063e000-7fc470946000 r-xp 00000000 00:1a 635602                     /usr/local/lib/libtesseract.so.3.0.4
7fc470946000-7fc470b46000 ---p 00308000 00:1a 635602                     /usr/local/lib/libtesseract.so.3.0.4
7fc470b46000-7fc470b4a000 r--p 00308000 00:1a 635602                     /usr/local/lib/libtesseract.so.3.0.4
7fc470b4a000-7fc470b52000 rw-p 0030c000 00:1a 635602                     /usr/local/lib/libtesseract.so.3.0.4
7fc470b52000-7fc470de6000 rw-p 00000000 00:00 0 
7fc470de6000-7fc470dfd000 r-xp 00000000 00:1a 635761                     /tmp/jna-118192/jna262433556250645470.tmp (deleted)
7fc470dfd000-7fc470efc000 ---p 00017000 00:1a 635761                     /tmp/jna-118192/jna262433556250645470.tmp (deleted)
7fc470efc000-7fc470efe000 rw-p 00016000 00:1a 635761                     /tmp/jna-118192/jna262433556250645470.tmp (deleted)
7fc470efe000-7fc470f01000 ---p 00000000 00:00 0 
7fc470f01000-7fc474000000 rw-p 00000000 00:00 0 
7fc474000000-7fc474021000 rw-p 00000000 00:00 0 
7fc474021000-7fc478000000 ---p 00000000 00:00 0 
7fc478000000-7fc478023000 rw-p 00000000 00:00 0 
7fc478023000-7fc47c000000 ---p 00000000 00:00 0 
7fc47c000000-7fc47c021000 rw-p 00000000 00:00 0 
7fc47c021000-7fc480000000 ---p 00000000 00:00 0 
7fc480000000-7fc480021000 rw-p 00000000 00:00 0 
7fc480021000-7fc484000000 ---p 00000000 00:00 0 
7fc484000000-7fc484021000 rw-p 00000000 00:00 0 
7fc484021000-7fc488000000 ---p 00000000 00:00 0 
7fc488000000-7fc488021000 rw-p 00000000 00:00 0 
7fc488021000-7fc48c000000 ---p 00000000 00:00 0 
7fc48c08d000-7fc48c24d000 rw-p 00000000 00:00 0 
7fc48c24d000-7fc48c28d000 ---p 00000000 00:00 0 
7fc48c28d000-7fc48c292000 r-xp 00000000 00:1a 28514                      /usr/lib/x86_64-linux-gnu/libXdmcp.so.6.0.0
7fc48c292000-7fc48c491000 ---p 00005000 00:1a 28514                      /usr/lib/x86_64-linux-gnu/libXdmcp.so.6.0.0
7fc48c491000-7fc48c492000 r--p 00004000 00:1a 28514                      /usr/lib/x86_64-linux-gnu/libXdmcp.so.6.0.0
7fc48c492000-7fc48c493000 rw-p 00005000 00:1a 28514                      /usr/lib/x86_64-linux-gnu/libXdmcp.so.6.0.0
7fc48c493000-7fc48c495000 r-xp 00000000 00:1a 28503                      /usr/lib/x86_64-linux-gnu/libXau.so.6.0.0
7fc48c495000-7fc48c695000 ---p 00002000 00:1a 28503                      /usr/lib/x86_64-linux-gnu/libXau.so.6.0.0
7fc48c695000-7fc48c696000 r--p 00002000 00:1a 28503                      /usr/lib/x86_64-linux-gnu/libXau.so.6.0.0
7fc48c696000-7fc48c697000 rw-p 00003000 00:1a 28503                      /usr/lib/x86_64-linux-gnu/libXau.so.6.0.0
7fc48c697000-7fc48c6b8000 r-xp 00000000 00:1a 29933                      /usr/lib/x86_64-linux-gnu/libxcb.so.1.1.0
7fc48c6b8000-7fc48c8b7000 ---p 00021000 00:1a 29933                      /usr/lib/x86_64-linux-gnu/libxcb.so.1.1.0
7fc48c8b7000-7fc48c8b8000 r--p 00020000 00:1a 29933                      /usr/lib/x86_64-linux-gnu/libxcb.so.1.1.0
7fc48c8b8000-7fc48c8b9000 rw-p 00021000 00:1a 29933                      /usr/lib/x86_64-linux-gnu/libxcb.so.1.1.0
7fc48c8b9000-7fc48c8c8000 r-xp 00000000 00:1a 28526                      /usr/lib/x86_64-linux-gnu/libXi.so.6.1.0
7fc48c8c8000-7fc48cac7000 ---p 0000f000 00:1a 28526                      /usr/lib/x86_64-linux-gnu/libXi.so.6.1.0
7fc48cac7000-7fc48cac8000 r--p 0000e000 00:1a 28526                      /usr/lib/x86_64-linux-gnu/libXi.so.6.1.0
7fc48cac8000-7fc48cac9000 rw-p 0000f000 00:1a 28526                      /usr/lib/x86_64-linux-gnu/libXi.so.6.1.0
7fc48cac9000-7fc48cace000 r-xp 00000000 00:1a 28544                      /usr/lib/x86_64-linux-gnu/libXtst.so.6.1.0
7fc48cace000-7fc48cccd000 ---p 00005000 00:1a 28544                      /usr/lib/x86_64-linux-gnu/libXtst.so.6.1.0
7fc48cccd000-7fc48ccce000 r--p 00004000 00:1a 28544                      /usr/lib/x86_64-linux-gnu/libXtst.so.6.1.0
7fc48ccce000-7fc48cccf000 rw-p 00005000 00:1a 28544                      /usr/lib/x86_64-linux-gnu/libXtst.so.6.1.0
7fc48cccf000-7fc48ccd8000 r-xp 00000000 00:1a 28538                      /usr/lib/x86_64-linux-gnu/libXrender.so.1.3.0
7fc48ccd8000-7fc48ced7000 ---p 00009000 00:1a 28538                      /usr/lib/x86_64-linux-gnu/libXrender.so.1.3.0
7fc48ced7000-7fc48ced8000 r--p 00008000 00:1a 28538                      /usr/lib/x86_64-linux-gnu/libXrender.so.1.3.0
7fc48ced8000-7fc48ced9000 rw-p 00009000 00:1a 28538                      /usr/lib/x86_64-linux-gnu/libXrender.so.1.3.0
7fc48ced9000-7fc48d00e000 r-xp 00000000 00:1a 268459                     /usr/lib/x86_64-linux-gnu/libX11.so.6.3.0
7fc48d00e000-7fc48d20e000 ---p 00135000 00:1a 268459                     /usr/lib/x86_64-linux-gnu/libX11.so.6.3.0
7fc48d20e000-7fc48d20f000 r--p 00135000 00:1a 268459                     /usr/lib/x86_64-linux-gnu/libX11.so.6.3.0
7fc48d20f000-7fc48d213000 rw-p 00136000 00:1a 268459                     /usr/lib/x86_64-linux-gnu/libX11.so.6.3.0
7fc48d213000-7fc48d224000 r-xp 00000000 00:1a 28516                      /usr/lib/x86_64-linux-gnu/libXext.so.6.4.0
7fc48d224000-7fc48d423000 ---p 00011000 00:1a 28516                      /usr/lib/x86_64-linux-gnu/libXext.so.6.4.0
7fc48d423000-7fc48d424000 r--p 00010000 00:1a 28516                      /usr/lib/x86_64-linux-gnu/libXext.so.6.4.0
7fc48d424000-7fc48d425000 rw-p 00011000 00:1a 28516                      /usr/lib/x86_64-linux-gnu/libXext.so.6.4.0
7fc48d43a000-7fc48d43f000 r--s 0009d000 00:1a 251228                     /usr/java/jdk/jre/lib/jsse.jar
7fc48d43f000-7fc48d493000 r-xp 00000000 00:1a 251394                     /usr/java/jdk/jre/lib/amd64/libawt_xawt.so
7fc48d493000-7fc48d693000 ---p 00054000 00:1a 251394                     /usr/java/jdk/jre/lib/amd64/libawt_xawt.so
7fc48d693000-7fc48d697000 rw-p 00054000 00:1a 251394                     /usr/java/jdk/jre/lib/amd64/libawt_xawt.so
7fc48d697000-7fc48d698000 rw-p 00000000 00:00 0 
7fc48d698000-7fc48d73a000 r-xp 00000000 00:1a 251380                     /usr/java/jdk/jre/lib/amd64/libawt.so
7fc48d73a000-7fc48d93a000 ---p 000a2000 00:1a 251380                     /usr/java/jdk/jre/lib/amd64/libawt.so
7fc48d93a000-7fc48d946000 rw-p 000a2000 00:1a 251380                     /usr/java/jdk/jre/lib/amd64/libawt.so
7fc48d946000-7fc48d96a000 rw-p 00000000 00:00 0 
7fc48d96a000-7fc48d96f000 r--s 002f9000 00:1a 251169                     /usr/java/jdk/jre/lib/charsets.jar
7fc48d96f000-7fc48d979000 r--s 00116000 00:1a 251239                     /usr/java/jdk/jre/lib/ext/localedata.jar
7fc48d979000-7fc48d995000 r--s 00393000 00:1a 251232                     /usr/java/jdk/jre/lib/ext/cldrdata.jar
7fc48d995000-7fc48d99c000 r--s 00000000 00:1a 31088                      /usr/lib/x86_64-linux-gnu/gconv/gconv-modules.cache
7fc48d99c000-7fc48d9bd000 r--p 00000000 00:1a 138003                     /usr/share/locale-langpack/zh_CN/LC_MESSAGES/libc.mo
7fc48d9bd000-7fc48d9be000 ---p 00000000 00:00 0 
7fc48d9be000-7fc48dabe000 rw-p 00000000 00:00 0 
7fc48dabe000-7fc48dac1000 ---p 00000000 00:00 0 
7fc48dac1000-7fc48dbbf000 rw-p 00000000 00:00 0 
7fc48dbbf000-7fc48dbc2000 ---p 00000000 00:00 0 
7fc48dbc2000-7fc48dcc0000 rw-p 00000000 00:00 0 
7fc48dcc0000-7fc48dcc3000 ---p 00000000 00:00 0 
7fc48dcc3000-7fc48ddc1000 rw-p 00000000 00:00 0 
7fc48ddc1000-7fc48ddd7000 r-xp 00000000 00:1a 251387                     /usr/java/jdk/jre/lib/amd64/libnet.so
7fc48ddd7000-7fc48dfd7000 ---p 00016000 00:1a 251387                     /usr/java/jdk/jre/lib/amd64/libnet.so
7fc48dfd7000-7fc48dfd8000 rw-p 00016000 00:1a 251387                     /usr/java/jdk/jre/lib/amd64/libnet.so
7fc48dfd8000-7fc48dfdb000 ---p 00000000 00:00 0 
7fc48dfdb000-7fc48e0d9000 rw-p 00000000 00:00 0 
7fc48e0d9000-7fc48e0dc000 ---p 00000000 00:00 0 
7fc48e0dc000-7fc48e1da000 rw-p 00000000 00:00 0 
7fc48e1da000-7fc48e1dc000 r--s 0001a000 00:32 2096                       /home/wxq/devel/idea/lib/idea_rt.jar
7fc48e1dc000-7fc48e1dd000 r--s 00002000 00:32 875874                     /home/wxq/.m2/repository/ZKFingerReader/ZKFingerReader/1.0/ZKFingerReader-1.0.jar
7fc48e1dd000-7fc48e1e7000 r--s 00072000 00:32 867901                     /home/wxq/.m2/repository/org/apache/sanselan/sanselan/0.97-incubator/sanselan-0.97-incubator.jar
7fc48e1e7000-7fc48e1ea000 r--s 00011000 00:32 867894                     /home/wxq/.m2/repository/com/github/mhshams/jnbis/2.0.1/jnbis-2.0.1.jar
7fc48e1ea000-7fc48e1f2000 r--s 00029000 00:32 867883                     /home/wxq/.m2/repository/com/machinezoo/noexception/noexception/1.3.2/noexception-1.3.2.jar
7fc48e1f2000-7fc48e21a000 r--s 00241000 00:32 867887                     /home/wxq/.m2/repository/net/sf/trove4j/trove4j/3.0.3/trove4j-3.0.3.jar
7fc48e21a000-7fc48e21f000 r--s 00036000 00:32 867885                     /home/wxq/.m2/repository/com/google/code/gson/gson/2.8.4/gson-2.8.4.jar
7fc48e21f000-7fc48e221000 r--s 00018000 00:32 867891                     /home/wxq/.m2/repository/com/machinezoo/sourceafis/sourceafis/3.4.0/sourceafis-3.4.0.jar
7fc48e221000-7fc48e22d000 r--s 00069000 00:32 40909                      /home/wxq/.m2/repository/org/hibernate/hibernate-validator/4.3.0.Final/hibernate-validator-4.3.0.Final.jar
7fc48e22d000-7fc48e22f000 r--s 0000d000 00:32 40914                      /home/wxq/.m2/repository/org/jboss/logging/jboss-logging/3.1.0.CR2/jboss-logging-3.1.0.CR2.jar
7fc48e22f000-7fc48e232000 r--s 00009000 00:32 40912                      /home/wxq/.m2/repository/javax/validation/validation-api/1.0.0.GA/validation-api-1.0.0.GA.jar
7fc48e232000-7fc48e235000 r--s 0000f000 00:32 40899                      /home/wxq/.m2/repository/commons-fileupload/commons-fileupload/1.3.3/commons-fileupload-1.3.3.jar
7fc48e235000-7fc48e239000 r--s 0002a000 00:32 40896                      /home/wxq/.m2/repository/commons-io/commons-io/2.4/commons-io-2.4.jar
7fc48e239000-7fc48e242000 r--s 00058000 00:32 40893                      /home/wxq/.m2/repository/taglibs/standard/1.1.2/standard-1.1.2.jar
7fc48e242000-7fc48e244000 r--s 00004000 00:32 40891                      /home/wxq/.m2/repository/javax/servlet/jstl/1.1.2/jstl-1.1.2.jar
7fc48e244000-7fc48e245000 r--s 00007000 00:32 40887                      /home/wxq/.m2/repository/javax/servlet/jsp/jstl/javax.servlet.jsp.jstl-api/1.2.1/javax.servlet.jsp.jstl-api-1.2.1.jar
7fc48e245000-7fc48e248000 r--s 00016000 00:32 40884                      /home/wxq/.m2/repository/javax/servlet/jsp/jsp-api/2.1/jsp-api-2.1.jar
7fc48e248000-7fc48e24a000 r--s 00018000 00:32 40881                      /home/wxq/.m2/repository/javax/servlet/servlet-api/2.5/servlet-api-2.5.jar
7fc48e24a000-7fc48e24c000 r--s 00006000 00:32 40878                      /home/wxq/.m2/repository/javax/servlet/jsp/jstl/jstl-api/1.2/jstl-api-1.2.jar
7fc48e24c000-7fc48e255000 r--s 0005c000 00:32 40875                      /home/wxq/.m2/repository/org/glassfish/web/javax.servlet.jsp.jstl/1.2.4/javax.servlet.jsp.jstl-1.2.4.jar
7fc48e255000-7fc48e26f000 r--s 00115000 00:32 40872                      /home/wxq/.m2/repository/net/sf/ehcache/ehcache-core/2.5.3/ehcache-core-2.5.3.jar
7fc48e26f000-7fc48e270000 r--s 00003000 00:32 40866                      /home/wxq/.m2/repository/org/apache/shiro/shiro-ehcache/1.3.1/shiro-ehcache-1.3.1.jar
7fc48e270000-7fc48e272000 r--s 00005000 00:32 40854                      /home/wxq/.m2/repository/org/apache/shiro/shiro-spring/1.3.1/shiro-spring-1.3.1.jar
7fc48e272000-7fc48e276000 r--s 00021000 00:32 40863                      /home/wxq/.m2/repository/org/apache/shiro/shiro-web/1.3.1/shiro-web-1.3.1.jar
7fc48e276000-7fc48e27b000 r--s 00034000 00:32 40847                      /home/wxq/.m2/repository/commons-beanutils/commons-beanutils/1.8.3/commons-beanutils-1.8.3.jar
7fc48e27b000-7fc48e284000 r--s 0005b000 00:32 40868                      /home/wxq/.m2/repository/org/apache/shiro/shiro-core/1.3.1/shiro-core-1.3.1.jar
7fc48e284000-7fc48e286000 r--s 00001000 00:32 40837                      /home/wxq/.m2/repository/org/slf4j/slf4j-log4j12/1.7.7/slf4j-log4j12-1.7.7.jar
7fc48e286000-7fc48e288000 r--s 00006000 00:32 40840                      /home/wxq/.m2/repository/org/slf4j/slf4j-api/1.7.7/slf4j-api-1.7.7.jar
7fc48e288000-7fc48e291000 r--s 0006f000 00:32 40831                      /home/wxq/.m2/repository/log4j/log4j/1.2.17/log4j-1.2.17.jar
7fc48e291000-7fc48e293000 r--s 0000e000 00:32 40828                      /home/wxq/.m2/repository/commons-logging/commons-logging/1.2/commons-logging-1.2.jar
7fc48e293000-7fc48e299000 r--s 00044000 00:32 40825                      /home/wxq/.m2/repository/com/github/jsqlparser/jsqlparser/0.9.4/jsqlparser-0.9.4.jar
7fc48e299000-7fc48e29b000 r--s 0000e000 00:32 40822                      /home/wxq/.m2/repository/com/github/pagehelper/pagehelper/4.1.2/pagehelper-4.1.2.jar
7fc48e29b000-7fc48e29d000 r--s 0000c000 00:32 40819                      /home/wxq/.m2/repository/org/mybatis/mybatis-spring/1.3.1/mybatis-spring-1.3.1.jar
7fc48e29d000-7fc48e2b7000 r--s 00173000 00:32 40816                      /home/wxq/.m2/repository/org/mybatis/mybatis/3.4.5/mybatis-3.4.5.jar
7fc48e2b7000-7fc48e2b9000 r--s 0000e000 00:32 40813                      /home/wxq/.m2/repository/commons-pool/commons-pool/1.3/commons-pool-1.3.jar
7fc48e2b9000-7fc48e2bb000 r--s 0001c000 00:32 40810                      /home/wxq/.m2/repository/commons-dbcp/commons-dbcp/1.2.2/commons-dbcp-1.2.2.jar
7fc48e2bb000-7fc48e2c2000 r--s 0006a000 00:32 40807                      /home/wxq/.m2/repository/com/alibaba/fastjson/1.2.28/fastjson-1.2.28.jar
7fc48e2c2000-7fc48e2d5000 r--s 00135000 00:32 40803                      /home/wxq/.m2/repository/com/fasterxml/jackson/core/jackson-databind/2.9.5/jackson-databind-2.9.5.jar
7fc48e2d5000-7fc48e2d9000 r--s 0004b000 00:32 40800                      /home/wxq/.m2/repository/com/fasterxml/jackson/core/jackson-core/2.9.5/jackson-core-2.9.5.jar
7fc48e2d9000-7fc48e2dc000 r--s 0000e000 00:32 40797                      /home/wxq/.m2/repository/com/fasterxml/jackson/core/jackson-annotations/2.9.5/jackson-annotations-2.9.5.jar
7fc48e2dc000-7fc48e2e4000 r--s 00078000 00:32 40791                      /home/wxq/.m2/repository/javax/mail/mail/1.4.6/mail-1.4.6.jar
7fc48e2e4000-7fc48e2fe000 r--s 001d7000 00:32 40788                      /home/wxq/.m2/repository/org/aspectj/aspectjweaver/1.9.1/aspectjweaver-1.9.1.jar
7fc48e2fe000-7fc48e317000 r--s 000fe000 00:32 999294                     /home/wxq/.m2/repository/org/springframework/spring-context/4.3.18.RELEASE/spring-context-4.3.18.RELEASE.jar
7fc48e317000-7fc48e325000 r--s 00086000 00:32 999298                     /home/wxq/.m2/repository/org/springframework/spring-test/4.3.18.RELEASE/spring-test-4.3.18.RELEASE.jar
7fc48e325000-7fc48e32e000 r--s 00054000 00:32 999303                     /home/wxq/.m2/repository/org/springframework/spring-aop/4.3.18.RELEASE/spring-aop-4.3.18.RELEASE.jar
7fc48e32e000-7fc48e331000 ---p 00000000 00:00 0 
7fc48e331000-7fc48e42f000 rw-p 00000000 00:00 0 
7fc48e42f000-7fc48edee000 r--p 00000000 00:1a 22554                      /usr/lib/locale/locale-archive
7fc48edee000-7fc48edf1000 ---p 00000000 00:00 0 
7fc48edf1000-7fc48eeef000 rw-p 00000000 00:00 0 
7fc48eeef000-7fc48eef2000 ---p 00000000 00:00 0 
7fc48eef2000-7fc48eff0000 rw-p 00000000 00:00 0 
7fc48eff0000-7fc48eff1000 ---p 00000000 00:00 0 
7fc48eff1000-7fc490000000 rw-p 00000000 00:00 0 
7fc490000000-7fc490021000 rw-p 00000000 00:00 0 
7fc490021000-7fc494000000 ---p 00000000 00:00 0 
7fc494000000-7fc494021000 rw-p 00000000 00:00 0 
7fc494021000-7fc498000000 ---p 00000000 00:00 0 
7fc498000000-7fc498021000 rw-p 00000000 00:00 0 
7fc498021000-7fc49c000000 ---p 00000000 00:00 0 
7fc49c000000-7fc49c002000 r--s 0000e000 00:32 40794                      /home/wxq/.m2/repository/javax/activation/activation/1.1/activation-1.1.jar
7fc49c002000-7fc49c007000 r--s 00029000 00:32 999290                     /home/wxq/.m2/repository/org/springframework/spring-context-support/4.3.18.RELEASE/spring-context-support-4.3.18.RELEASE.jar
7fc49c007000-7fc49c018000 r--s 000d0000 00:32 999262                     /home/wxq/.m2/repository/org/springframework/spring-webmvc/4.3.18.RELEASE/spring-webmvc-4.3.18.RELEASE.jar
7fc49c018000-7fc49c022000 r--s 00060000 00:32 999252                     /home/wxq/.m2/repository/org/springframework/spring-jdbc/4.3.18.RELEASE/spring-jdbc-4.3.18.RELEASE.jar
7fc49c022000-7fc49c02a000 r--s 0003a000 00:32 999259                     /home/wxq/.m2/repository/org/springframework/spring-tx/4.3.18.RELEASE/spring-tx-4.3.18.RELEASE.jar
7fc49c02a000-7fc49c02c000 r--s 00013000 00:32 999235                     /home/wxq/.m2/repository/org/springframework/spring-oxm/4.3.18.RELEASE/spring-oxm-4.3.18.RELEASE.jar
7fc49c02c000-7fc49c03e000 r--s 000b9000 00:32 999278                     /home/wxq/.m2/repository/org/springframework/spring-web/4.3.18.RELEASE/spring-web-4.3.18.RELEASE.jar
7fc49c03e000-7fc49c055000 r--s 000fe000 00:32 999287                     /home/wxq/.m2/repository/org/springframework/spring-core/4.3.18.RELEASE/spring-core-4.3.18.RELEASE.jar
7fc49c055000-7fc49c063000 r--s 000ad000 00:32 999306                     /home/wxq/.m2/repository/org/springframework/spring-beans/4.3.18.RELEASE/spring-beans-4.3.18.RELEASE.jar
7fc49c063000-7fc49c069000 r--s 0003e000 00:32 999312                     /home/wxq/.m2/repository/org/springframework/spring-expression/4.3.18.RELEASE/spring-expression-4.3.18.RELEASE.jar
7fc49c069000-7fc49c071000 r--s 000c4000 00:32 40681                      /home/wxq/.m2/repository/mysql/mysql-connector-java/5.1.22/mysql-connector-java-5.1.22.jar
7fc49c071000-7fc49c073000 r--s 00000000 00:32 40677                      /home/wxq/.m2/repository/aopalliance/aopalliance/1.0/aopalliance-1.0.jar
7fc49c073000-7fc49c075000 r--s 00004000 00:32 1103378                    /home/wxq/.m2/repository/org/slf4j/log4j-over-slf4j/1.7.21/log4j-over-slf4j-1.7.21.jar
7fc49c075000-7fc49c077000 r--s 00003000 00:32 1103375                    /home/wxq/.m2/repository/org/slf4j/jcl-over-slf4j/1.7.21/jcl-over-slf4j-1.7.21.jar
7fc49c077000-7fc49c079000 r--s 00000000 00:32 1103372                    /home/wxq/.m2/repository/org/slf4j/jul-to-slf4j/1.7.21/jul-to-slf4j-1.7.21.jar
7fc49c079000-7fc49c083000 r--s 00069000 00:32 1103365                    /home/wxq/.m2/repository/ch/qos/logback/logback-core/1.1.7/logback-core-1.1.7.jar
7fc49c083000-7fc49c08a000 r--s 00044000 00:32 1103362                    /home/wxq/.m2/repository/ch/qos/logback/logback-classic/1.1.7/logback-classic-1.1.7.jar
7fc49c08a000-7fc49c08b000 r--s 0000a000 00:32 1103356                    /home/wxq/.m2/repository/asm/asm/3.3.1/asm-3.3.1.jar
7fc49c08b000-7fc49c092000 r--s 00040000 00:32 1103352                    /home/wxq/.m2/repository/cglib/cglib/2.2.2/cglib-2.2.2.jar
7fc49c092000-7fc49c096000 r--s 00015000 00:32 1103346                    /home/wxq/.m2/repository/org/rococoa/rococoa-core/0.5/rococoa-core-0.5.jar
7fc49c096000-7fc49c0a2000 r--s 00108000 00:32 1103335                    /home/wxq/.m2/repository/com/lowagie/itext/2.1.7/itext-2.1.7.jar
7fc49c0a2000-7fc49c0ac000 r--s 00081000 00:32 1103319                    /home/wxq/.m2/repository/org/apache/xmlgraphics/xmlgraphics-commons/1.4/xmlgraphics-commons-1.4.jar
7fc49c0ac000-7fc49c0b7000 r--s 00088000 00:32 1103341                    /home/wxq/.m2/repository/com/github/jai-imageio/jai-imageio-core/1.3.1/jai-imageio-core-1.3.1.jar
7fc49c0b7000-7fc49c0ca000 r--s 00345000 00:1a 251209                     /usr/java/jdk/jre/lib/resources.jar
7fc49c0ca000-7fc49c2a4000 r--s 03d6b000 00:1a 251171                     /usr/java/jdk/jre/lib/rt.jar
7fc49c2a4000-7fc4a0bfc000 rw-p 00000000 00:00 0 
7fc4a0bfc000-7fc4a0bfd000 ---p 00000000 00:00 0 
7fc4a0bfd000-7fc4a0cfd000 rw-p 00000000 00:00 0 
7fc4a0cfd000-7fc4a0cfe000 ---p 00000000 00:00 0 
7fc4a0cfe000-7fc4a0dfe000 rw-p 00000000 00:00 0 
7fc4a0dfe000-7fc4a0dff000 ---p 00000000 00:00 0 
7fc4a0dff000-7fc4a0eff000 rw-p 00000000 00:00 0 
7fc4a0eff000-7fc4a0f00000 ---p 00000000 00:00 0 
7fc4a0f00000-7fc4a1000000 rw-p 00000000 00:00 0 
7fc4a1000000-7fc4a12e0000 rwxp 00000000 00:00 0 
7fc4a12e0000-7fc4b0000000 ---p 00000000 00:00 0 
7fc4b0000000-7fc4b0a71000 rw-p 00000000 00:00 0 
7fc4b0a71000-7fc4b4000000 ---p 00000000 00:00 0 
7fc4b4000000-7fc4b4005000 r--s 00229000 00:32 1103338                    /home/wxq/.m2/repository/net/sourceforge/lept4j/lept4j/1.2.3/lept4j-1.2.3.jar
7fc4b4005000-7fc4b400a000 r--s 00028000 00:32 1103321                    /home/wxq/.m2/repository/org/ghost4j/ghost4j/1.0.1/ghost4j-1.0.1.jar
7fc4b400a000-7fc4b400c000 r--s 02050000 00:32 1103323                    /home/wxq/.m2/repository/net/sourceforge/tess4j/tess4j/3.2.1/tess4j-3.2.1.jar
7fc4b400c000-7fc4b4010000 r--s 000dc000 00:32 1100990                    /home/wxq/.m2/repository/net/java/dev/jna/jna/4.1.0/jna-4.1.0.jar
7fc4b4010000-7fc4b4023000 r--s 000d6000 00:1a 251113                     /usr/java/jdk/jre/lib/plugin.jar
7fc4b4023000-7fc4b403f000 r--s 0020b000 00:1a 251089                     /usr/java/jdk/jre/lib/deploy.jar
7fc4b403f000-7fc4b40df000 rw-p 00000000 00:00 0 
7fc4b40df000-7fc4b4345000 ---p 00000000 00:00 0 
7fc4b4345000-7fc4b436f000 rw-p 00000000 00:00 0 
7fc4b436f000-7fc4b45d5000 ---p 00000000 00:00 0 
7fc4b45d5000-7fc4b45ea000 rw-p 00000000 00:00 0 
7fc4b45ea000-7fc4b471d000 ---p 00000000 00:00 0 
7fc4b471d000-7fc4b472a000 rw-p 00000000 00:00 0 
7fc4b472a000-7fc4b4ade000 ---p 00000000 00:00 0 
7fc4b4ade000-7fc4b4af9000 r-xp 00000000 00:1a 251383                     /usr/java/jdk/jre/lib/amd64/libzip.so
7fc4b4af9000-7fc4b4cf9000 ---p 0001b000 00:1a 251383                     /usr/java/jdk/jre/lib/amd64/libzip.so
7fc4b4cf9000-7fc4b4cfa000 rw-p 0001b000 00:1a 251383                     /usr/java/jdk/jre/lib/amd64/libzip.so
7fc4b4cfa000-7fc4b4d05000 r-xp 00000000 00:1a 12750                      /lib/x86_64-linux-gnu/libnss_files-2.23.so
7fc4b4d05000-7fc4b4f04000 ---p 0000b000 00:1a 12750                      /lib/x86_64-linux-gnu/libnss_files-2.23.so
7fc4b4f04000-7fc4b4f05000 r--p 0000a000 00:1a 12750                      /lib/x86_64-linux-gnu/libnss_files-2.23.so
7fc4b4f05000-7fc4b4f06000 rw-p 0000b000 00:1a 12750                      /lib/x86_64-linux-gnu/libnss_files-2.23.so
7fc4b4f06000-7fc4b4f0c000 rw-p 00000000 00:00 0 
7fc4b4f0c000-7fc4b4f17000 r-xp 00000000 00:1a 12760                      /lib/x86_64-linux-gnu/libnss_nis-2.23.so
7fc4b4f17000-7fc4b5116000 ---p 0000b000 00:1a 12760                      /lib/x86_64-linux-gnu/libnss_nis-2.23.so
7fc4b5116000-7fc4b5117000 r--p 0000a000 00:1a 12760                      /lib/x86_64-linux-gnu/libnss_nis-2.23.so
7fc4b5117000-7fc4b5118000 rw-p 0000b000 00:1a 12760                      /lib/x86_64-linux-gnu/libnss_nis-2.23.so
7fc4b5118000-7fc4b512e000 r-xp 00000000 00:1a 12744                      /lib/x86_64-linux-gnu/libnsl-2.23.so
7fc4b512e000-7fc4b532d000 ---p 00016000 00:1a 12744                      /lib/x86_64-linux-gnu/libnsl-2.23.so
7fc4b532d000-7fc4b532e000 r--p 00015000 00:1a 12744                      /lib/x86_64-linux-gnu/libnsl-2.23.so
7fc4b532e000-7fc4b532f000 rw-p 00016000 00:1a 12744                      /lib/x86_64-linux-gnu/libnsl-2.23.so
7fc4b532f000-7fc4b5331000 rw-p 00000000 00:00 0 
7fc4b5331000-7fc4b5339000 r-xp 00000000 00:1a 12746                      /lib/x86_64-linux-gnu/libnss_compat-2.23.so
7fc4b5339000-7fc4b5538000 ---p 00008000 00:1a 12746                      /lib/x86_64-linux-gnu/libnss_compat-2.23.so
7fc4b5538000-7fc4b5539000 r--p 00007000 00:1a 12746                      /lib/x86_64-linux-gnu/libnss_compat-2.23.so
7fc4b5539000-7fc4b553a000 rw-p 00008000 00:1a 12746                      /lib/x86_64-linux-gnu/libnss_compat-2.23.so
7fc4b553a000-7fc4b5544000 r-xp 00000000 00:1a 251392                     /usr/java/jdk/jre/lib/amd64/libinstrument.so
7fc4b5544000-7fc4b5743000 ---p 0000a000 00:1a 251392                     /usr/java/jdk/jre/lib/amd64/libinstrument.so
7fc4b5743000-7fc4b5744000 rw-p 00009000 00:1a 251392                     /usr/java/jdk/jre/lib/amd64/libinstrument.so
7fc4b5744000-7fc4b576f000 r-xp 00000000 00:1a 251377                     /usr/java/jdk/jre/lib/amd64/libjava.so
7fc4b576f000-7fc4b596e000 ---p 0002b000 00:1a 251377                     /usr/java/jdk/jre/lib/amd64/libjava.so
7fc4b596e000-7fc4b5970000 rw-p 0002a000 00:1a 251377                     /usr/java/jdk/jre/lib/amd64/libjava.so
7fc4b5970000-7fc4b597d000 r-xp 00000000 00:1a 251382                     /usr/java/jdk/jre/lib/amd64/libverify.so
7fc4b597d000-7fc4b5b7d000 ---p 0000d000 00:1a 251382                     /usr/java/jdk/jre/lib/amd64/libverify.so
7fc4b5b7d000-7fc4b5b7f000 rw-p 0000d000 00:1a 251382                     /usr/java/jdk/jre/lib/amd64/libverify.so
7fc4b5b7f000-7fc4b5b86000 r-xp 00000000 00:1a 12805                      /lib/x86_64-linux-gnu/librt-2.23.so
7fc4b5b86000-7fc4b5d85000 ---p 00007000 00:1a 12805                      /lib/x86_64-linux-gnu/librt-2.23.so
7fc4b5d85000-7fc4b5d86000 r--p 00006000 00:1a 12805                      /lib/x86_64-linux-gnu/librt-2.23.so
7fc4b5d86000-7fc4b5d87000 rw-p 00007000 00:1a 12805                      /lib/x86_64-linux-gnu/librt-2.23.so
7fc4b5d87000-7fc4b5e8f000 r-xp 00000000 00:1a 12721                      /lib/x86_64-linux-gnu/libm-2.23.so
7fc4b5e8f000-7fc4b608e000 ---p 00108000 00:1a 12721                      /lib/x86_64-linux-gnu/libm-2.23.so
7fc4b608e000-7fc4b608f000 r--p 00107000 00:1a 12721                      /lib/x86_64-linux-gnu/libm-2.23.so
7fc4b608f000-7fc4b6090000 rw-p 00108000 00:1a 12721                      /lib/x86_64-linux-gnu/libm-2.23.so
7fc4b6090000-7fc4b6d6c000 r-xp 00000000 00:1a 251359                     /usr/java/jdk/jre/lib/amd64/server/libjvm.so
7fc4b6d6c000-7fc4b6f6c000 ---p 00cdc000 00:1a 251359                     /usr/java/jdk/jre/lib/amd64/server/libjvm.so
7fc4b6f6c000-7fc4b7046000 rw-p 00cdc000 00:1a 251359                     /usr/java/jdk/jre/lib/amd64/server/libjvm.so
7fc4b7046000-7fc4b7091000 rw-p 00000000 00:00 0 
7fc4b7091000-7fc4b7251000 r-xp 00000000 00:1a 12651                      /lib/x86_64-linux-gnu/libc-2.23.so
7fc4b7251000-7fc4b7451000 ---p 001c0000 00:1a 12651                      /lib/x86_64-linux-gnu/libc-2.23.so
7fc4b7451000-7fc4b7455000 r--p 001c0000 00:1a 12651                      /lib/x86_64-linux-gnu/libc-2.23.so
7fc4b7455000-7fc4b7457000 rw-p 001c4000 00:1a 12651                      /lib/x86_64-linux-gnu/libc-2.23.so
7fc4b7457000-7fc4b745b000 rw-p 00000000 00:00 0 
7fc4b745b000-7fc4b745e000 r-xp 00000000 00:1a 12675                      /lib/x86_64-linux-gnu/libdl-2.23.so
7fc4b745e000-7fc4b765d000 ---p 00003000 00:1a 12675                      /lib/x86_64-linux-gnu/libdl-2.23.so
7fc4b765d000-7fc4b765e000 r--p 00002000 00:1a 12675                      /lib/x86_64-linux-gnu/libdl-2.23.so
7fc4b765e000-7fc4b765f000 rw-p 00003000 00:1a 12675                      /lib/x86_64-linux-gnu/libdl-2.23.so
7fc4b765f000-7fc4b7675000 r-xp 00000000 00:1a 251033                     /usr/java/jdk/lib/amd64/jli/libjli.so
7fc4b7675000-7fc4b7874000 ---p 00016000 00:1a 251033                     /usr/java/jdk/lib/amd64/jli/libjli.so
7fc4b7874000-7fc4b7875000 rw-p 00015000 00:1a 251033                     /usr/java/jdk/lib/amd64/jli/libjli.so
7fc4b7875000-7fc4b788d000 r-xp 00000000 00:1a 12797                      /lib/x86_64-linux-gnu/libpthread-2.23.so
7fc4b788d000-7fc4b7a8c000 ---p 00018000 00:1a 12797                      /lib/x86_64-linux-gnu/libpthread-2.23.so
7fc4b7a8c000-7fc4b7a8d000 r--p 00017000 00:1a 12797                      /lib/x86_64-linux-gnu/libpthread-2.23.so
7fc4b7a8d000-7fc4b7a8e000 rw-p 00018000 00:1a 12797                      /lib/x86_64-linux-gnu/libpthread-2.23.so
7fc4b7a8e000-7fc4b7a92000 rw-p 00000000 00:00 0 
7fc4b7a92000-7fc4b7ab8000 r-xp 00000000 00:1a 12623                      /lib/x86_64-linux-gnu/ld-2.23.so
7fc4b7ab8000-7fc4b7ab9000 r--s 00000000 00:1a 251095                     /usr/java/jdk/jre/lib/management-agent.jar
7fc4b7ab9000-7fc4b7abe000 r--s 0009d000 00:1a 251228                     /usr/java/jdk/jre/lib/jsse.jar
7fc4b7abe000-7fc4b7ac3000 r--s 00084000 00:1a 251088                     /usr/java/jdk/jre/lib/jfr.jar
7fc4b7ac3000-7fc4b7ac6000 r--s 0001a000 00:1a 251403                     /usr/java/jdk/jre/lib/jce.jar
7fc4b7ac6000-7fc4b7b97000 rw-p 00000000 00:00 0 
7fc4b7b97000-7fc4b7b9a000 ---p 00000000 00:00 0 
7fc4b7b9a000-7fc4b7c9d000 rw-p 00000000 00:00 0 
7fc4b7c9d000-7fc4b7c9f000 r--s 00007000 00:1a 251405                     /usr/java/jdk/jre/lib/jfxswt.jar
7fc4b7c9f000-7fc4b7ca8000 r--s 0006d000 00:1a 251098                     /usr/java/jdk/jre/lib/javaws.jar
7fc4b7ca8000-7fc4b7cad000 r--s 002f9000 00:1a 251169                     /usr/java/jdk/jre/lib/charsets.jar
7fc4b7cad000-7fc4b7cb5000 rw-s 00000000 00:1a 635760                     /tmp/hsperfdata_wxq/24123
7fc4b7cb5000-7fc4b7cb6000 rw-p 00000000 00:00 0 
7fc4b7cb6000-7fc4b7cb7000 r--p 00000000 00:00 0 
7fc4b7cb7000-7fc4b7cb8000 r--p 00025000 00:1a 12623                      /lib/x86_64-linux-gnu/ld-2.23.so
7fc4b7cb8000-7fc4b7cb9000 rw-p 00026000 00:1a 12623                      /lib/x86_64-linux-gnu/ld-2.23.so
7fc4b7cb9000-7fc4b7cba000 rw-p 00000000 00:00 0 
7ffd1001f000-7ffd10042000 rw-p 00000000 00:00 0                          [stack]
7ffd100e2000-7ffd100e5000 r--p 00000000 00:00 0                          [vvar]
7ffd100e5000-7ffd100e7000 r-xp 00000000 00:00 0                          [vdso]
ffffffffff600000-ffffffffff601000 r-xp 00000000 00:00 0                  [vsyscall]

VM Arguments:
jvm_args: -javaagent:/home/wxq/devel/idea/lib/idea_rt.jar=35937:/home/wxq/devel/idea/bin -Dfile.encoding=UTF-8 
java_command: cn.fm.utils.TestOCR
java_class_path (initial): /usr/java/jdk/jre/lib/charsets.jar:/usr/java/jdk/jre/lib/deploy.jar:/usr/java/jdk/jre/lib/ext/cldrdata.jar:/usr/java/jdk/jre/lib/ext/dnsns.jar:/usr/java/jdk/jre/lib/ext/jaccess.jar:/usr/java/jdk/jre/lib/ext/jfxrt.jar:/usr/java/jdk/jre/lib/ext/localedata.jar:/usr/java/jdk/jre/lib/ext/nashorn.jar:/usr/java/jdk/jre/lib/ext/sunec.jar:/usr/java/jdk/jre/lib/ext/sunjce_provider.jar:/usr/java/jdk/jre/lib/ext/sunpkcs11.jar:/usr/java/jdk/jre/lib/ext/zipfs.jar:/usr/java/jdk/jre/lib/javaws.jar:/usr/java/jdk/jre/lib/jce.jar:/usr/java/jdk/jre/lib/jfr.jar:/usr/java/jdk/jre/lib/jfxswt.jar:/usr/java/jdk/jre/lib/jsse.jar:/usr/java/jdk/jre/lib/management-agent.jar:/usr/java/jdk/jre/lib/plugin.jar:/usr/java/jdk/jre/lib/resources.jar:/usr/java/jdk/jre/lib/rt.jar:/home/wxq/IdeaProjects/FileSystem/target/classes:/home/wxq/.m2/repository/net/java/dev/jna/jna/4.1.0/jna-4.1.0.jar:/home/wxq/.m2/repository/net/sourceforge/tess4j/tess4j/3.2.1/tess4j-3.2.1.jar:/home/wxq/.m2/repository/com/github/jai-imageio/jai-imageio-core/1.3.1/jai-imageio-core-1.3.1.jar:/home/wxq/.m2/repository/org/ghost4j/ghost4j/1.0.1/ghost4j-1.0.1.jar:/home/wxq/.m2/repository/org/apache/xmlgraphics/xmlgraphics-commons/1.4/xmlgraphics-commons-1.4.jar:/home/wxq/.m2/repository/com/lowagie/itext/2.1.7/itext-2.1.7.jar:/home/wxq/.m2/repository/net/sourceforge/lept4j/lept4j/1.2.3/lept4j-1.2.3.jar:/home/wxq/.m2/repository/org/rococoa/rococoa-core/0.5/rococoa-core-0.5.jar:/home/wxq/.m2/repository/cglib/cglib/2.2.2/cglib-2.2.2.jar:/home/wxq/.m2/repository/asm/asm/3.3.1/asm-3.3.1.jar:/home/wxq/.m2/repository/ch/qos/logback/logback-classic/1.1.7/logback-classic-1.1.7.jar:/home/wxq/.m2/repository/ch/qos/logback/logback-core/1.1.7/logback-core-1.1.7.jar:/home/wxq/.m2/repository/org/slf4j/jul-to-slf4j/1.7.21/jul-to-slf4j-1.7.21.jar:/home/wxq/.m2/repository/org/slf4j/jcl-over-slf4j/1.7.21/jcl-over-slf4j-1.7.21.jar:/home/wxq/.m2/repository/org/slf4j/log4j-over-slf4j/1.7.21/log4j-over-slf4j-1.7.21.jar:/home/wxq/
Launcher Type: SUN_STANDARD

Environment Variables:
JAVA_HOME=/usr/java/jdk
JRE_HOME=/usr/java/jdk/jre
CLASSPATH=/home/wxq/devel/idea/lib/bootstrap.jar:/home/wxq/devel/idea/lib/extensions.jar:/home/wxq/devel/idea/lib/util.jar:/home/wxq/devel/idea/lib/jdom.jar:/home/wxq/devel/idea/lib/log4j.jar:/home/wxq/devel/idea/lib/trove4j.jar:/home/wxq/devel/idea/lib/jna.jar:/home/wxq/devel/idea/jre64/lib/tools.jar
PATH=/home/wxq/bin:/home/wxq/.local/bin:/usr/java/jdk/bin:/usr/local/sbin:/usr/local/bin:/usr/sbin:/usr/bin:/sbin:/bin:/usr/games:/usr/local/games:/snap/bin:/home/wxq/Android/Sdk/platform-tools:/home/wxq/Android/Sdk/tools
LD_LIBRARY_PATH=/home/wxq/devel/idea/bin:
SHELL=/bin/bash
DISPLAY=:0

Signal Handlers:
SIGSEGV: [libjvm.so+0xad2a40], sa_mask[0]=11111111011111111101111111111110, sa_flags=SA_RESTART|SA_SIGINFO
SIGBUS: [libjvm.so+0xad2a40], sa_mask[0]=11111111011111111101111111111110, sa_flags=SA_RESTART|SA_SIGINFO
SIGFPE: [libjvm.so+0x92a610], sa_mask[0]=11111111011111111101111111111110, sa_flags=SA_RESTART|SA_SIGINFO
SIGPIPE: [libjvm.so+0x92a610], sa_mask[0]=11111111011111111101111111111110, sa_flags=SA_RESTART|SA_SIGINFO
SIGXFSZ: [libjvm.so+0x92a610], sa_mask[0]=11111111011111111101111111111110, sa_flags=SA_RESTART|SA_SIGINFO
SIGILL: [libjvm.so+0x92a610], sa_mask[0]=11111111011111111101111111111110, sa_flags=SA_RESTART|SA_SIGINFO
SIGUSR1: SIG_DFL, sa_mask[0]=00000000000000000000000000000000, sa_flags=none
SIGUSR2: [libjvm.so+0x92be70], sa_mask[0]=00100000000000000000000000000000, sa_flags=SA_RESTART|SA_SIGINFO
SIGHUP: [libjvm.so+0x92d270], sa_mask[0]=11111111011111111101111111111110, sa_flags=SA_RESTART|SA_SIGINFO
SIGINT: [libjvm.so+0x92d270], sa_mask[0]=11111111011111111101111111111110, sa_flags=SA_RESTART|SA_SIGINFO
SIGTERM: [libjvm.so+0x92d270], sa_mask[0]=11111111011111111101111111111110, sa_flags=SA_RESTART|SA_SIGINFO
SIGQUIT: [libjvm.so+0x92d270], sa_mask[0]=11111111011111111101111111111110, sa_flags=SA_RESTART|SA_SIGINFO


---------------  S Y S T E M  ---------------

OS:DISTRIB_ID=Ubuntu
DISTRIB_RELEASE=16.04
DISTRIB_CODENAME=xenial
DISTRIB_DESCRIPTION="Ubuntu 16.04.5 LTS"

uname:Linux 4.15.0-36-generic #39~16.04.1-Ubuntu SMP Tue Sep 25 08:59:23 UTC 2018 x86_64
libc:glibc 2.23 NPTL 2.23 
rlimit: STACK 8192k, CORE 0k, NPROC 30358, NOFILE 1048576, AS infinity
load average:3.88 2.42 1.99

/proc/meminfo:
MemTotal:        8057936 kB
MemFree:          229464 kB
MemAvailable:    2578848 kB
Buffers:             432 kB
Cached:          3279928 kB
SwapCached:            0 kB
Active:          5722244 kB
Inactive:        1664460 kB
Active(anon):    4101656 kB
Inactive(anon):   767064 kB
Active(file):    1620588 kB
Inactive(file):   897396 kB
Unevictable:         120 kB
Mlocked:             120 kB
SwapTotal:       8322044 kB
SwapFree:        8322044 kB
Dirty:             22980 kB
Writeback:             0 kB
AnonPages:       4106668 kB
Mapped:           618664 kB
Shmem:            762292 kB
Slab:             218572 kB
SReclaimable:     114112 kB
SUnreclaim:       104460 kB
KernelStack:       17824 kB
PageTables:        78944 kB
NFS_Unstable:          0 kB
Bounce:                0 kB
WritebackTmp:          0 kB
CommitLimit:    12351012 kB
Committed_AS:   14455736 kB
VmallocTotal:   34359738367 kB
VmallocUsed:           0 kB
VmallocChunk:          0 kB
HardwareCorrupted:     0 kB
AnonHugePages:         0 kB
ShmemHugePages:        0 kB
ShmemPmdMapped:        0 kB
CmaTotal:              0 kB
CmaFree:               0 kB
HugePages_Total:       0
HugePages_Free:        0
HugePages_Rsvd:        0
HugePages_Surp:        0
Hugepagesize:       2048 kB
DirectMap4k:      440620 kB
DirectMap2M:     7837696 kB
DirectMap1G:     1048576 kB


CPU:total 4 (initial active 4) (2 cores per cpu, 2 threads per core) family 6 model 78 stepping 3, cmov, cx8, fxsr, mmx, sse, sse2, sse3, ssse3, sse4.1, sse4.2, popcnt, avx, avx2, aes, clmul, erms, 3dnowpref, lzcnt, ht, tsc, tscinvbit, bmi1, bmi2, adx

/proc/cpuinfo:
processor	: 0
vendor_id	: GenuineIntel
cpu family	: 6
model		: 78
model name	: Intel(R) Core(TM) i5-6200U CPU @ 2.30GHz
stepping	: 3
microcode	: 0xc6
cpu MHz		: 2700.030
cache size	: 3072 KB
physical id	: 0
siblings	: 4
core id		: 0
cpu cores	: 2
apicid		: 0
initial apicid	: 0
fpu		: yes
fpu_exception	: yes
cpuid level	: 22
wp		: yes
flags		: fpu vme de pse tsc msr pae mce cx8 apic sep mtrr pge mca cmov pat pse36 clflush dts acpi mmx fxsr sse sse2 ss ht tm pbe syscall nx pdpe1gb rdtscp lm constant_tsc art arch_perfmon pebs bts rep_good nopl xtopology nonstop_tsc cpuid aperfmperf tsc_known_freq pni pclmulqdq dtes64 monitor ds_cpl vmx est tm2 ssse3 sdbg fma cx16 xtpr pdcm pcid sse4_1 sse4_2 x2apic movbe popcnt tsc_deadline_timer aes xsave avx f16c rdrand lahf_lm abm 3dnowprefetch cpuid_fault epb invpcid_single pti ssbd ibrs ibpb stibp tpr_shadow vnmi flexpriority ept vpid fsgsbase tsc_adjust bmi1 avx2 smep bmi2 erms invpcid mpx rdseed adx smap clflushopt intel_pt xsaveopt xsavec xgetbv1 xsaves dtherm ida arat pln pts hwp hwp_notify hwp_act_window hwp_epp flush_l1d
bugs		: cpu_meltdown spectre_v1 spectre_v2 spec_store_bypass l1tf
bogomips	: 4800.00
clflush size	: 64
cache_alignment	: 64
address sizes	: 39 bits physical, 48 bits virtual
power management:

processor	: 1
vendor_id	: GenuineIntel
cpu family	: 6
model		: 78
model name	: Intel(R) Core(TM) i5-6200U CPU @ 2.30GHz
stepping	: 3
microcode	: 0xc6
cpu MHz		: 2700.001
cache size	: 3072 KB
physical id	: 0
siblings	: 4
core id		: 1
cpu cores	: 2
apicid		: 2
initial apicid	: 2
fpu		: yes
fpu_exception	: yes
cpuid level	: 22
wp		: yes
flags		: fpu vme de pse tsc msr pae mce cx8 apic sep mtrr pge mca cmov pat pse36 clflush dts acpi mmx fxsr sse sse2 ss ht tm pbe syscall nx pdpe1gb rdtscp lm constant_tsc art arch_perfmon pebs bts rep_good nopl xtopology nonstop_tsc cpuid aperfmperf tsc_known_freq pni pclmulqdq dtes64 monitor ds_cpl vmx est tm2 ssse3 sdbg fma cx16 xtpr pdcm pcid sse4_1 sse4_2 x2apic movbe popcnt tsc_deadline_timer aes xsave avx f16c rdrand lahf_lm abm 3dnowprefetch cpuid_fault epb invpcid_single pti ssbd ibrs ibpb stibp tpr_shadow vnmi flexpriority ept vpid fsgsbase tsc_adjust bmi1 avx2 smep bmi2 erms invpcid mpx rdseed adx smap clflushopt intel_pt xsaveopt xsavec xgetbv1 xsaves dtherm ida arat pln pts hwp hwp_notify hwp_act_window hwp_epp flush_l1d
bugs		: cpu_meltdown spectre_v1 spectre_v2 spec_store_bypass l1tf
bogomips	: 4800.00
clflush size	: 64
cache_alignment	: 64
address sizes	: 39 bits physical, 48 bits virtual
power management:

processor	: 2
vendor_id	: GenuineIntel
cpu family	: 6
model		: 78
model name	: Intel(R) Core(TM) i5-6200U CPU @ 2.30GHz
stepping	: 3
microcode	: 0xc6
cpu MHz		: 2699.984
cache size	: 3072 KB
physical id	: 0
siblings	: 4
core id		: 0
cpu cores	: 2
apicid		: 1
initial apicid	: 1
fpu		: yes
fpu_exception	: yes
cpuid level	: 22
wp		: yes
flags		: fpu vme de pse tsc msr pae mce cx8 apic sep mtrr pge mca cmov pat pse36 clflush dts acpi mmx fxsr sse sse2 ss ht tm pbe syscall nx pdpe1gb rdtscp lm constant_tsc art arch_perfmon pebs bts rep_good nopl xtopology nonstop_tsc cpuid aperfmperf tsc_known_freq pni pclmulqdq dtes64 monitor ds_cpl vmx est tm2 ssse3 sdbg fma cx16 xtpr pdcm pcid sse4_1 sse4_2 x2apic movbe popcnt tsc_deadline_timer aes xsave avx f16c rdrand lahf_lm abm 3dnowprefetch cpuid_fault epb invpcid_single pti ssbd ibrs ibpb stibp tpr_shadow vnmi flexpriority ept vpid fsgsbase tsc_adjust bmi1 avx2 smep bmi2 erms invpcid mpx rdseed adx smap clflushopt intel_pt xsaveopt xsavec xgetbv1 xsaves dtherm ida arat pln pts hwp hwp_notify hwp_act_window hwp_epp flush_l1d
bugs		: cpu_meltdown spectre_v1 spectre_v2 spec_store_bypass l1tf
bogomips	: 4800.00
clflush size	: 64
cache_alignment	: 64
address sizes	: 39 bits physical, 48 bits virtual
power management:

processor	: 3
vendor_id	: GenuineIntel
cpu family	: 6
model		: 78
model name	: Intel(R) Core(TM) i5-6200U CPU @ 2.30GHz
stepping	: 3
microcode	: 0xc6
cpu MHz		: 2700.012
cache size	: 3072 KB
physical id	: 0
siblings	: 4
core id		: 1
cpu cores	: 2
apicid		: 3
initial apicid	: 3
fpu		: yes
fpu_exception	: yes
cpuid level	: 22
wp		: yes
flags		: fpu vme de pse tsc msr pae mce cx8 apic sep mtrr pge mca cmov pat pse36 clflush dts acpi mmx fxsr sse sse2 ss ht tm pbe syscall nx pdpe1gb rdtscp lm constant_tsc art arch_perfmon pebs bts rep_good nopl xtopology nonstop_tsc cpuid aperfmperf tsc_known_freq pni pclmulqdq dtes64 monitor ds_cpl vmx est tm2 ssse3 sdbg fma cx16 xtpr pdcm pcid sse4_1 sse4_2 x2apic movbe popcnt tsc_deadline_timer aes xsave avx f16c rdrand lahf_lm abm 3dnowprefetch cpuid_fault epb invpcid_single pti ssbd ibrs ibpb stibp tpr_shadow vnmi flexpriority ept vpid fsgsbase tsc_adjust bmi1 avx2 smep bmi2 erms invpcid mpx rdseed adx smap clflushopt intel_pt xsaveopt xsavec xgetbv1 xsaves dtherm ida arat pln pts hwp hwp_notify hwp_act_window hwp_epp flush_l1d
bugs		: cpu_meltdown spectre_v1 spectre_v2 spec_store_bypass l1tf
bogomips	: 4800.00
clflush size	: 64
cache_alignment	: 64
address sizes	: 39 bits physical, 48 bits virtual
power management:



Memory: 4k page, physical 8057936k(227852k free), swap 8322044k(8322044k free)

vm_info: Java HotSpot(TM) 64-Bit Server VM (25.181-b13) for linux-amd64 JRE (1.8.0_181-b13), built on Jul  7 2018 00:56:38 by "java_re" with gcc 4.3.0 20080428 (Red Hat 4.3.0-8)

time: Sun Oct 28 20:16:59 2018
elapsed time: 1 seconds (0d 0h 0m 1s)

